2018-07-05 18:41:12 70 [Warning] Using unique option prefix myisam-recover instead of myisam-recover-options is deprecated and will be removed in a future release. Please use the full name instead.
2018-07-05 18:41:12 70 [Note] Plugin 'FEDERATED' is disabled.
2018-07-05 18:41:12 70 [Note] InnoDB: Using atomics to ref count buffer pool pages
2018-07-05 18:41:12 70 [Note] InnoDB: The InnoDB memory heap is disabled
2018-07-05 18:41:12 70 [Note] InnoDB: Mutexes and rw_locks use GCC atomic builtins
2018-07-05 18:41:12 70 [Note] InnoDB: Memory barrier is not used
2018-07-05 18:41:12 70 [Note] InnoDB: Compressed tables use zlib 1.2.3
2018-07-05 18:41:12 70 [Note] InnoDB: Using Linux native AIO
2018-07-05 18:41:12 70 [Note] InnoDB: Using CPU crc32 instructions
2018-07-05 18:41:12 70 [Note] InnoDB: Initializing buffer pool, size = 32.0M
2018-07-05 18:41:12 70 [Note] InnoDB: Completed initialization of buffer pool
2018-07-05 18:41:12 70 [Note] InnoDB: Highest supported file format is Barracuda.
2018-07-05 18:41:12 70 [Note] InnoDB: The log sequence numbers 1625987 and 1625987 in ibdata files do not match the log sequence number 1625997 in the ib_logfiles!
2018-07-05 18:41:12 70 [Note] InnoDB: Database was not shutdown normally!
2018-07-05 18:41:12 70 [Note] InnoDB: Starting crash recovery.
2018-07-05 18:41:12 70 [Note] InnoDB: Reading tablespace information from the .ibd files...
2018-07-05 18:41:12 70 [Note] InnoDB: Restoring possible half-written data pages 
2018-07-05 18:41:12 70 [Note] InnoDB: from the doublewrite buffer...
2018-07-05 18:41:12 70 [Note] InnoDB: 128 rollback segment(s) are active.
2018-07-05 18:41:12 70 [Note] InnoDB: Waiting for purge to start
2018-07-05 18:41:12 70 [Note] InnoDB: 5.6.40 started; log sequence number 1625997
2018-07-05 18:41:12 70 [Note] Server hostname (bind-address): '*'; port: 3306
2018-07-05 18:41:12 70 [Note] IPv6 is available.
2018-07-05 18:41:12 70 [Note]   - '::' resolves to '::';
2018-07-05 18:41:12 70 [Note] Server socket created on IP: '::'.
2018-07-05 18:41:12 70 [Warning] Insecure configuration for --pid-file: Location '/var/run/mysqld' in the path is accessible to all OS users. Consider choosing a different directory.
2018-07-05 18:41:12 70 [ERROR] /usr/sbin/mysqld: Table './mysql/user' is marked as crashed and should be repaired
2018-07-05 18:41:12 70 [Warning] Checking table:   './mysql/user'
2018-07-05 18:41:12 70 [ERROR] 1 client is using or hasn't closed the table properly
2018-07-05 18:41:12 70 [Warning] 'user' entry 'root@9fe08f37056c' ignored in --skip-name-resolve mode.
2018-07-05 18:41:12 70 [Warning] 'user' entry '@9fe08f37056c' ignored in --skip-name-resolve mode.
2018-07-05 18:41:12 70 [Warning] 'proxies_priv' entry '@ root@9fe08f37056c' ignored in --skip-name-resolve mode.
2018-07-05 18:41:13 70 [Note] Event Scheduler: Loaded 0 events
2018-07-05 18:41:13 70 [Note] /usr/sbin/mysqld: ready for connections.
Version: '5.6.40'  socket: '/var/run/mysqld/mysqld.sock'  port: 3306  MySQL Community Server (GPL)
2018-07-05 19:02:04 70 [Note] /usr/sbin/mysqld: Normal shutdown

2018-07-05 19:02:04 70 [Note] Giving 0 client threads a chance to die gracefully
2018-07-05 19:02:04 70 [Note] Event Scheduler: Purging the queue. 0 events
2018-07-05 19:02:04 70 [Note] Shutting down slave threads
2018-07-05 19:02:04 70 [Note] Forcefully disconnecting 0 remaining clients
2018-07-05 19:02:04 70 [Note] Binlog end
2018-07-05 19:02:04 70 [Note] Shutting down plugin 'partition'
2018-07-05 19:02:04 70 [Note] Shutting down plugin 'PERFORMANCE_SCHEMA'
2018-07-05 19:02:04 70 [Note] Shutting down plugin 'INNODB_SYS_DATAFILES'
2018-07-05 19:02:04 70 [Note] Shutting down plugin 'INNODB_SYS_TABLESPACES'
2018-07-05 19:02:04 70 [Note] Shutting down plugin 'INNODB_SYS_FOREIGN_COLS'
2018-07-05 19:02:04 70 [Note] Shutting down plugin 'INNODB_SYS_FOREIGN'
2018-07-05 19:02:04 70 [Note] Shutting down plugin 'INNODB_SYS_FIELDS'
2018-07-05 19:02:04 70 [Note] Shutting down plugin 'INNODB_SYS_COLUMNS'
2018-07-05 19:02:04 70 [Note] Shutting down plugin 'INNODB_SYS_INDEXES'
2018-07-05 19:02:04 70 [Note] Shutting down plugin 'INNODB_SYS_TABLESTATS'
2018-07-05 19:02:04 70 [Note] Shutting down plugin 'INNODB_SYS_TABLES'
2018-07-05 19:02:04 70 [Note] Shutting down plugin 'INNODB_FT_INDEX_TABLE'
2018-07-05 19:02:04 70 [Note] Shutting down plugin 'INNODB_FT_INDEX_CACHE'
2018-07-05 19:02:04 70 [Note] Shutting down plugin 'INNODB_FT_CONFIG'
2018-07-05 19:02:04 70 [Note] Shutting down plugin 'INNODB_FT_BEING_DELETED'
2018-07-05 19:02:04 70 [Note] Shutting down plugin 'INNODB_FT_DELETED'
2018-07-05 19:02:04 70 [Note] Shutting down plugin 'INNODB_FT_DEFAULT_STOPWORD'
2018-07-05 19:02:04 70 [Note] Shutting down plugin 'INNODB_METRICS'
2018-07-05 19:02:04 70 [Note] Shutting down plugin 'INNODB_BUFFER_POOL_STATS'
2018-07-05 19:02:04 70 [Note] Shutting down plugin 'INNODB_BUFFER_PAGE_LRU'
2018-07-05 19:02:04 70 [Note] Shutting down plugin 'INNODB_BUFFER_PAGE'
2018-07-05 19:02:04 70 [Note] Shutting down plugin 'INNODB_CMP_PER_INDEX_RESET'
2018-07-05 19:02:04 70 [Note] Shutting down plugin 'INNODB_CMP_PER_INDEX'
2018-07-05 19:02:04 70 [Note] Shutting down plugin 'INNODB_CMPMEM_RESET'
2018-07-05 19:02:04 70 [Note] Shutting down plugin 'INNODB_CMPMEM'
2018-07-05 19:02:04 70 [Note] Shutting down plugin 'INNODB_CMP_RESET'
2018-07-05 19:02:04 70 [Note] Shutting down plugin 'INNODB_CMP'
2018-07-05 19:02:04 70 [Note] Shutting down plugin 'INNODB_LOCK_WAITS'
2018-07-05 19:02:04 70 [Note] Shutting down plugin 'INNODB_LOCKS'
2018-07-05 19:02:04 70 [Note] Shutting down plugin 'INNODB_TRX'
2018-07-05 19:02:04 70 [Note] Shutting down plugin 'InnoDB'
2018-07-05 19:02:04 70 [Note] InnoDB: FTS optimize thread exiting.
2018-07-05 19:02:04 70 [Note] InnoDB: Starting shutdown...
2018-07-05 19:02:06 70 [Note] InnoDB: Shutdown completed; log sequence number 22868827
2018-07-05 19:02:06 70 [Note] Shutting down plugin 'BLACKHOLE'
2018-07-05 19:02:06 70 [Note] Shutting down plugin 'ARCHIVE'
2018-07-05 19:02:06 70 [Note] Shutting down plugin 'MRG_MYISAM'
2018-07-05 19:02:06 70 [Note] Shutting down plugin 'MyISAM'
2018-07-05 19:02:06 70 [Note] Shutting down plugin 'MEMORY'
2018-07-05 19:02:06 70 [Note] Shutting down plugin 'CSV'
2018-07-05 19:02:06 70 [Note] Shutting down plugin 'sha256_password'
2018-07-05 19:02:06 70 [Note] Shutting down plugin 'mysql_old_password'
2018-07-05 19:02:06 70 [Note] Shutting down plugin 'mysql_native_password'
2018-07-05 19:02:06 70 [Note] Shutting down plugin 'binlog'
2018-07-05 19:02:06 70 [Note] /usr/sbin/mysqld: Shutdown complete

2018-07-05 19:02:10 79 [Warning] Using unique option prefix myisam-recover instead of myisam-recover-options is deprecated and will be removed in a future release. Please use the full name instead.
2018-07-05 19:02:10 79 [Note] Plugin 'FEDERATED' is disabled.
2018-07-05 19:02:10 79 [Note] InnoDB: Using atomics to ref count buffer pool pages
2018-07-05 19:02:10 79 [Note] InnoDB: The InnoDB memory heap is disabled
2018-07-05 19:02:10 79 [Note] InnoDB: Mutexes and rw_locks use GCC atomic builtins
2018-07-05 19:02:10 79 [Note] InnoDB: Memory barrier is not used
2018-07-05 19:02:10 79 [Note] InnoDB: Compressed tables use zlib 1.2.3
2018-07-05 19:02:10 79 [Note] InnoDB: Using Linux native AIO
2018-07-05 19:02:10 79 [Note] InnoDB: Using CPU crc32 instructions
2018-07-05 19:02:10 79 [Note] InnoDB: Initializing buffer pool, size = 32.0M
2018-07-05 19:02:10 79 [Note] InnoDB: Completed initialization of buffer pool
2018-07-05 19:02:10 79 [Note] InnoDB: Highest supported file format is Barracuda.
2018-07-05 19:02:10 79 [Note] InnoDB: 128 rollback segment(s) are active.
2018-07-05 19:02:10 79 [Note] InnoDB: Waiting for purge to start
2018-07-05 19:02:10 79 [Note] InnoDB: 5.6.40 started; log sequence number 22868827
2018-07-05 19:02:10 79 [Note] Server hostname (bind-address): '*'; port: 3306
2018-07-05 19:02:10 79 [Note] IPv6 is available.
2018-07-05 19:02:10 79 [Note]   - '::' resolves to '::';
2018-07-05 19:02:10 79 [Note] Server socket created on IP: '::'.
2018-07-05 19:02:10 79 [Warning] Insecure configuration for --pid-file: Location '/var/run/mysqld' in the path is accessible to all OS users. Consider choosing a different directory.
2018-07-05 19:02:10 79 [Warning] 'user' entry 'root@9fe08f37056c' ignored in --skip-name-resolve mode.
2018-07-05 19:02:10 79 [Warning] 'user' entry '@9fe08f37056c' ignored in --skip-name-resolve mode.
2018-07-05 19:02:10 79 [Warning] 'proxies_priv' entry '@ root@9fe08f37056c' ignored in --skip-name-resolve mode.
2018-07-05 19:02:10 79 [Note] Event Scheduler: Loaded 0 events
2018-07-05 19:02:10 79 [Note] /usr/sbin/mysqld: ready for connections.
Version: '5.6.40'  socket: '/var/run/mysqld/mysqld.sock'  port: 3306  MySQL Community Server (GPL)
2018-07-06 11:59:51 59 [Warning] Using unique option prefix myisam-recover instead of myisam-recover-options is deprecated and will be removed in a future release. Please use the full name instead.
2018-07-06 11:59:51 59 [Note] Plugin 'FEDERATED' is disabled.
2018-07-06 11:59:51 59 [Note] InnoDB: Using atomics to ref count buffer pool pages
2018-07-06 11:59:51 59 [Note] InnoDB: The InnoDB memory heap is disabled
2018-07-06 11:59:51 59 [Note] InnoDB: Mutexes and rw_locks use GCC atomic builtins
2018-07-06 11:59:51 59 [Note] InnoDB: Memory barrier is not used
2018-07-06 11:59:51 59 [Note] InnoDB: Compressed tables use zlib 1.2.3
2018-07-06 11:59:51 59 [Note] InnoDB: Using Linux native AIO
2018-07-06 11:59:51 59 [Note] InnoDB: Using CPU crc32 instructions
2018-07-06 11:59:51 59 [Note] InnoDB: Initializing buffer pool, size = 32.0M
2018-07-06 11:59:51 59 [Note] InnoDB: Completed initialization of buffer pool
2018-07-06 11:59:51 59 [Note] InnoDB: Highest supported file format is Barracuda.
2018-07-06 11:59:51 59 [Note] InnoDB: The log sequence numbers 22868827 and 22868827 in ibdata files do not match the log sequence number 24442486 in the ib_logfiles!
2018-07-06 11:59:51 59 [Note] InnoDB: Database was not shutdown normally!
2018-07-06 11:59:51 59 [Note] InnoDB: Starting crash recovery.
2018-07-06 11:59:51 59 [Note] InnoDB: Reading tablespace information from the .ibd files...
2018-07-06 11:59:51 59 [Note] InnoDB: Restoring possible half-written data pages 
2018-07-06 11:59:51 59 [Note] InnoDB: from the doublewrite buffer...
2018-07-06 11:59:51 59 [Note] InnoDB: 128 rollback segment(s) are active.
2018-07-06 11:59:51 59 [Note] InnoDB: Waiting for purge to start
2018-07-06 11:59:51 59 [Note] InnoDB: 5.6.40 started; log sequence number 24442486
2018-07-06 11:59:51 59 [Note] Server hostname (bind-address): '*'; port: 3306
2018-07-06 11:59:51 59 [Note] IPv6 is available.
2018-07-06 11:59:51 59 [Note]   - '::' resolves to '::';
2018-07-06 11:59:51 59 [Note] Server socket created on IP: '::'.
2018-07-06 11:59:51 59 [Warning] Insecure configuration for --pid-file: Location '/var/run/mysqld' in the path is accessible to all OS users. Consider choosing a different directory.
2018-07-06 11:59:51 59 [Warning] 'user' entry 'root@9fe08f37056c' ignored in --skip-name-resolve mode.
2018-07-06 11:59:51 59 [Warning] 'user' entry '@9fe08f37056c' ignored in --skip-name-resolve mode.
2018-07-06 11:59:51 59 [Warning] 'proxies_priv' entry '@ root@9fe08f37056c' ignored in --skip-name-resolve mode.
2018-07-06 11:59:51 59 [Note] Event Scheduler: Loaded 0 events
2018-07-06 11:59:51 59 [Note] /usr/sbin/mysqld: ready for connections.
Version: '5.6.40'  socket: '/var/run/mysqld/mysqld.sock'  port: 3306  MySQL Community Server (GPL)
2018-07-06 13:02:57 61 [Warning] Using unique option prefix myisam-recover instead of myisam-recover-options is deprecated and will be removed in a future release. Please use the full name instead.
2018-07-06 13:02:57 61 [Note] Plugin 'FEDERATED' is disabled.
2018-07-06 13:02:57 61 [Note] InnoDB: Using atomics to ref count buffer pool pages
2018-07-06 13:02:57 61 [Note] InnoDB: The InnoDB memory heap is disabled
2018-07-06 13:02:57 61 [Note] InnoDB: Mutexes and rw_locks use GCC atomic builtins
2018-07-06 13:02:57 61 [Note] InnoDB: Memory barrier is not used
2018-07-06 13:02:57 61 [Note] InnoDB: Compressed tables use zlib 1.2.3
2018-07-06 13:02:57 61 [Note] InnoDB: Using Linux native AIO
2018-07-06 13:02:57 61 [Note] InnoDB: Using CPU crc32 instructions
2018-07-06 13:02:57 61 [Note] InnoDB: Initializing buffer pool, size = 32.0M
2018-07-06 13:02:57 61 [Note] InnoDB: Completed initialization of buffer pool
2018-07-06 13:02:57 61 [Note] InnoDB: Highest supported file format is Barracuda.
2018-07-06 13:02:57 61 [Note] InnoDB: The log sequence numbers 22868827 and 22868827 in ibdata files do not match the log sequence number 26779322 in the ib_logfiles!
2018-07-06 13:02:57 61 [Note] InnoDB: Database was not shutdown normally!
2018-07-06 13:02:57 61 [Note] InnoDB: Starting crash recovery.
2018-07-06 13:02:57 61 [Note] InnoDB: Reading tablespace information from the .ibd files...
2018-07-06 13:02:57 61 [Note] InnoDB: Restoring possible half-written data pages 
2018-07-06 13:02:57 61 [Note] InnoDB: from the doublewrite buffer...
2018-07-06 13:02:57 61 [Note] InnoDB: 128 rollback segment(s) are active.
2018-07-06 13:02:57 61 [Note] InnoDB: Waiting for purge to start
2018-07-06 13:02:57 61 [Note] InnoDB: 5.6.40 started; log sequence number 26779322
2018-07-06 13:02:57 61 [Note] Server hostname (bind-address): '*'; port: 3306
2018-07-06 13:02:57 61 [Note] IPv6 is available.
2018-07-06 13:02:57 61 [Note]   - '::' resolves to '::';
2018-07-06 13:02:57 61 [Note] Server socket created on IP: '::'.
2018-07-06 13:02:57 61 [Warning] Insecure configuration for --pid-file: Location '/var/run/mysqld' in the path is accessible to all OS users. Consider choosing a different directory.
2018-07-06 13:02:57 61 [Warning] 'user' entry 'root@9fe08f37056c' ignored in --skip-name-resolve mode.
2018-07-06 13:02:57 61 [Warning] 'user' entry '@9fe08f37056c' ignored in --skip-name-resolve mode.
2018-07-06 13:02:57 61 [Warning] 'proxies_priv' entry '@ root@9fe08f37056c' ignored in --skip-name-resolve mode.
2018-07-06 13:02:57 61 [Note] Event Scheduler: Loaded 0 events
2018-07-06 13:02:57 61 [Note] /usr/sbin/mysqld: ready for connections.
Version: '5.6.40'  socket: '/var/run/mysqld/mysqld.sock'  port: 3306  MySQL Community Server (GPL)
2018-07-06 13:58:38 61 [Note] /usr/sbin/mysqld: Normal shutdown

2018-07-06 13:58:39 61 [Note] Giving 0 client threads a chance to die gracefully
2018-07-06 13:58:39 61 [Note] Event Scheduler: Purging the queue. 0 events
2018-07-06 13:58:39 61 [Note] Shutting down slave threads
2018-07-06 13:58:39 61 [Note] Forcefully disconnecting 0 remaining clients
2018-07-06 13:58:39 61 [Note] Binlog end
2018-07-06 13:58:39 61 [Note] Shutting down plugin 'partition'
2018-07-06 13:58:39 61 [Note] Shutting down plugin 'PERFORMANCE_SCHEMA'
2018-07-06 13:58:39 61 [Note] Shutting down plugin 'INNODB_SYS_DATAFILES'
2018-07-06 13:58:39 61 [Note] Shutting down plugin 'INNODB_SYS_TABLESPACES'
2018-07-06 13:58:39 61 [Note] Shutting down plugin 'INNODB_SYS_FOREIGN_COLS'
2018-07-06 13:58:39 61 [Note] Shutting down plugin 'INNODB_SYS_FOREIGN'
2018-07-06 13:58:39 61 [Note] Shutting down plugin 'INNODB_SYS_FIELDS'
2018-07-06 13:58:39 61 [Note] Shutting down plugin 'INNODB_SYS_COLUMNS'
2018-07-06 13:58:39 61 [Note] Shutting down plugin 'INNODB_SYS_INDEXES'
2018-07-06 13:58:39 61 [Note] Shutting down plugin 'INNODB_SYS_TABLESTATS'
2018-07-06 13:58:39 61 [Note] Shutting down plugin 'INNODB_SYS_TABLES'
2018-07-06 13:58:39 61 [Note] Shutting down plugin 'INNODB_FT_INDEX_TABLE'
2018-07-06 13:58:39 61 [Note] Shutting down plugin 'INNODB_FT_INDEX_CACHE'
2018-07-06 13:58:39 61 [Note] Shutting down plugin 'INNODB_FT_CONFIG'
2018-07-06 13:58:39 61 [Note] Shutting down plugin 'INNODB_FT_BEING_DELETED'
2018-07-06 13:58:39 61 [Note] Shutting down plugin 'INNODB_FT_DELETED'
2018-07-06 13:58:39 61 [Note] Shutting down plugin 'INNODB_FT_DEFAULT_STOPWORD'
2018-07-06 13:58:39 61 [Note] Shutting down plugin 'INNODB_METRICS'
2018-07-06 13:58:39 61 [Note] Shutting down plugin 'INNODB_BUFFER_POOL_STATS'
2018-07-06 13:58:39 61 [Note] Shutting down plugin 'INNODB_BUFFER_PAGE_LRU'
2018-07-06 13:58:39 61 [Note] Shutting down plugin 'INNODB_BUFFER_PAGE'
2018-07-06 13:58:39 61 [Note] Shutting down plugin 'INNODB_CMP_PER_INDEX_RESET'
2018-07-06 13:58:39 61 [Note] Shutting down plugin 'INNODB_CMP_PER_INDEX'
2018-07-06 13:58:39 61 [Note] Shutting down plugin 'INNODB_CMPMEM_RESET'
2018-07-06 13:58:39 61 [Note] Shutting down plugin 'INNODB_CMPMEM'
2018-07-06 13:58:39 61 [Note] Shutting down plugin 'INNODB_CMP_RESET'
2018-07-06 13:58:39 61 [Note] Shutting down plugin 'INNODB_CMP'
2018-07-06 13:58:39 61 [Note] Shutting down plugin 'INNODB_LOCK_WAITS'
2018-07-06 13:58:39 61 [Note] Shutting down plugin 'INNODB_LOCKS'
2018-07-06 13:58:39 61 [Note] Shutting down plugin 'INNODB_TRX'
2018-07-06 13:58:39 61 [Note] Shutting down plugin 'InnoDB'
2018-07-06 13:58:39 61 [Note] InnoDB: FTS optimize thread exiting.
2018-07-06 13:58:39 61 [Note] InnoDB: Starting shutdown...
2018-07-06 13:58:40 61 [Note] InnoDB: Shutdown completed; log sequence number 61373531
2018-07-06 13:58:40 61 [Note] Shutting down plugin 'BLACKHOLE'
2018-07-06 13:58:40 61 [Note] Shutting down plugin 'ARCHIVE'
2018-07-06 13:58:40 61 [Note] Shutting down plugin 'MRG_MYISAM'
2018-07-06 13:58:40 61 [Note] Shutting down plugin 'MyISAM'
2018-07-06 13:58:40 61 [Note] Shutting down plugin 'MEMORY'
2018-07-06 13:58:40 61 [Note] Shutting down plugin 'CSV'
2018-07-06 13:58:40 61 [Note] Shutting down plugin 'sha256_password'
2018-07-06 13:58:40 61 [Note] Shutting down plugin 'mysql_old_password'
2018-07-06 13:58:40 61 [Note] Shutting down plugin 'mysql_native_password'
2018-07-06 13:58:40 61 [Note] Shutting down plugin 'binlog'
2018-07-06 13:58:40 61 [Note] /usr/sbin/mysqld: Shutdown complete

2018-07-06 13:58:46 59 [Warning] Using unique option prefix myisam-recover instead of myisam-recover-options is deprecated and will be removed in a future release. Please use the full name instead.
2018-07-06 13:58:46 59 [Note] Plugin 'FEDERATED' is disabled.
2018-07-06 13:58:46 59 [Note] InnoDB: Using atomics to ref count buffer pool pages
2018-07-06 13:58:46 59 [Note] InnoDB: The InnoDB memory heap is disabled
2018-07-06 13:58:46 59 [Note] InnoDB: Mutexes and rw_locks use GCC atomic builtins
2018-07-06 13:58:46 59 [Note] InnoDB: Memory barrier is not used
2018-07-06 13:58:46 59 [Note] InnoDB: Compressed tables use zlib 1.2.3
2018-07-06 13:58:46 59 [Note] InnoDB: Using Linux native AIO
2018-07-06 13:58:46 59 [Note] InnoDB: Using CPU crc32 instructions
2018-07-06 13:58:46 59 [Note] InnoDB: Initializing buffer pool, size = 32.0M
2018-07-06 13:58:46 59 [Note] InnoDB: Completed initialization of buffer pool
2018-07-06 13:58:46 59 [Note] InnoDB: Highest supported file format is Barracuda.
2018-07-06 13:58:46 59 [Note] InnoDB: 128 rollback segment(s) are active.
2018-07-06 13:58:46 59 [Note] InnoDB: Waiting for purge to start
2018-07-06 13:58:46 59 [Note] InnoDB: 5.6.40 started; log sequence number 61373531
2018-07-06 13:58:46 59 [Note] Server hostname (bind-address): '*'; port: 3306
2018-07-06 13:58:46 59 [Note] IPv6 is available.
2018-07-06 13:58:46 59 [Note]   - '::' resolves to '::';
2018-07-06 13:58:46 59 [Note] Server socket created on IP: '::'.
2018-07-06 13:58:46 59 [Warning] Insecure configuration for --pid-file: Location '/var/run/mysqld' in the path is accessible to all OS users. Consider choosing a different directory.
2018-07-06 13:58:46 59 [Warning] 'user' entry 'root@9fe08f37056c' ignored in --skip-name-resolve mode.
2018-07-06 13:58:46 59 [Warning] 'user' entry '@9fe08f37056c' ignored in --skip-name-resolve mode.
2018-07-06 13:58:46 59 [Warning] 'proxies_priv' entry '@ root@9fe08f37056c' ignored in --skip-name-resolve mode.
2018-07-06 13:58:46 59 [Note] Event Scheduler: Loaded 0 events
2018-07-06 13:58:46 59 [Note] /usr/sbin/mysqld: ready for connections.
Version: '5.6.40'  socket: '/var/run/mysqld/mysqld.sock'  port: 3306  MySQL Community Server (GPL)
2018-07-06 14:06:25 59 [Note] /usr/sbin/mysqld: Normal shutdown

2018-07-06 14:06:25 59 [Note] Giving 0 client threads a chance to die gracefully
2018-07-06 14:06:25 59 [Note] Event Scheduler: Purging the queue. 0 events
2018-07-06 14:06:25 59 [Note] Shutting down slave threads
2018-07-06 14:06:25 59 [Note] Forcefully disconnecting 0 remaining clients
2018-07-06 14:06:25 59 [Note] Binlog end
2018-07-06 14:06:25 59 [Note] Shutting down plugin 'partition'
2018-07-06 14:06:25 59 [Note] Shutting down plugin 'PERFORMANCE_SCHEMA'
2018-07-06 14:06:25 59 [Note] Shutting down plugin 'INNODB_SYS_DATAFILES'
2018-07-06 14:06:25 59 [Note] Shutting down plugin 'INNODB_SYS_TABLESPACES'
2018-07-06 14:06:25 59 [Note] Shutting down plugin 'INNODB_SYS_FOREIGN_COLS'
2018-07-06 14:06:25 59 [Note] Shutting down plugin 'INNODB_SYS_FOREIGN'
2018-07-06 14:06:25 59 [Note] Shutting down plugin 'INNODB_SYS_FIELDS'
2018-07-06 14:06:25 59 [Note] Shutting down plugin 'INNODB_SYS_COLUMNS'
2018-07-06 14:06:25 59 [Note] Shutting down plugin 'INNODB_SYS_INDEXES'
2018-07-06 14:06:25 59 [Note] Shutting down plugin 'INNODB_SYS_TABLESTATS'
2018-07-06 14:06:25 59 [Note] Shutting down plugin 'INNODB_SYS_TABLES'
2018-07-06 14:06:25 59 [Note] Shutting down plugin 'INNODB_FT_INDEX_TABLE'
2018-07-06 14:06:25 59 [Note] Shutting down plugin 'INNODB_FT_INDEX_CACHE'
2018-07-06 14:06:25 59 [Note] Shutting down plugin 'INNODB_FT_CONFIG'
2018-07-06 14:06:25 59 [Note] Shutting down plugin 'INNODB_FT_BEING_DELETED'
2018-07-06 14:06:25 59 [Note] Shutting down plugin 'INNODB_FT_DELETED'
2018-07-06 14:06:25 59 [Note] Shutting down plugin 'INNODB_FT_DEFAULT_STOPWORD'
2018-07-06 14:06:25 59 [Note] Shutting down plugin 'INNODB_METRICS'
2018-07-06 14:06:25 59 [Note] Shutting down plugin 'INNODB_BUFFER_POOL_STATS'
2018-07-06 14:06:25 59 [Note] Shutting down plugin 'INNODB_BUFFER_PAGE_LRU'
2018-07-06 14:06:25 59 [Note] Shutting down plugin 'INNODB_BUFFER_PAGE'
2018-07-06 14:06:25 59 [Note] Shutting down plugin 'INNODB_CMP_PER_INDEX_RESET'
2018-07-06 14:06:25 59 [Note] Shutting down plugin 'INNODB_CMP_PER_INDEX'
2018-07-06 14:06:25 59 [Note] Shutting down plugin 'INNODB_CMPMEM_RESET'
2018-07-06 14:06:25 59 [Note] Shutting down plugin 'INNODB_CMPMEM'
2018-07-06 14:06:25 59 [Note] Shutting down plugin 'INNODB_CMP_RESET'
2018-07-06 14:06:25 59 [Note] Shutting down plugin 'INNODB_CMP'
2018-07-06 14:06:25 59 [Note] Shutting down plugin 'INNODB_LOCK_WAITS'
2018-07-06 14:06:25 59 [Note] Shutting down plugin 'INNODB_LOCKS'
2018-07-06 14:06:25 59 [Note] Shutting down plugin 'INNODB_TRX'
2018-07-06 14:06:25 59 [Note] Shutting down plugin 'InnoDB'
2018-07-06 14:06:25 59 [Note] InnoDB: FTS optimize thread exiting.
2018-07-06 14:06:25 59 [Note] InnoDB: Starting shutdown...
2018-07-06 14:06:27 59 [Note] InnoDB: Shutdown completed; log sequence number 61571399
2018-07-06 14:06:27 59 [Note] Shutting down plugin 'BLACKHOLE'
2018-07-06 14:06:27 59 [Note] Shutting down plugin 'ARCHIVE'
2018-07-06 14:06:27 59 [Note] Shutting down plugin 'MRG_MYISAM'
2018-07-06 14:06:27 59 [Note] Shutting down plugin 'MyISAM'
2018-07-06 14:06:27 59 [Note] Shutting down plugin 'MEMORY'
2018-07-06 14:06:27 59 [Note] Shutting down plugin 'CSV'
2018-07-06 14:06:27 59 [Note] Shutting down plugin 'sha256_password'
2018-07-06 14:06:27 59 [Note] Shutting down plugin 'mysql_old_password'
2018-07-06 14:06:27 59 [Note] Shutting down plugin 'mysql_native_password'
2018-07-06 14:06:27 59 [Note] Shutting down plugin 'binlog'
2018-07-06 14:06:27 59 [Note] /usr/sbin/mysqld: Shutdown complete

2018-07-06 14:06:30 58 [Warning] Using unique option prefix myisam-recover instead of myisam-recover-options is deprecated and will be removed in a future release. Please use the full name instead.
2018-07-06 14:06:30 58 [Note] Plugin 'FEDERATED' is disabled.
2018-07-06 14:06:30 58 [Note] InnoDB: Using atomics to ref count buffer pool pages
2018-07-06 14:06:30 58 [Note] InnoDB: The InnoDB memory heap is disabled
2018-07-06 14:06:30 58 [Note] InnoDB: Mutexes and rw_locks use GCC atomic builtins
2018-07-06 14:06:30 58 [Note] InnoDB: Memory barrier is not used
2018-07-06 14:06:30 58 [Note] InnoDB: Compressed tables use zlib 1.2.3
2018-07-06 14:06:30 58 [Note] InnoDB: Using Linux native AIO
2018-07-06 14:06:30 58 [Note] InnoDB: Using CPU crc32 instructions
2018-07-06 14:06:30 58 [Note] InnoDB: Initializing buffer pool, size = 32.0M
2018-07-06 14:06:30 58 [Note] InnoDB: Completed initialization of buffer pool
2018-07-06 14:06:30 58 [Note] InnoDB: Highest supported file format is Barracuda.
2018-07-06 14:06:30 58 [Note] InnoDB: 128 rollback segment(s) are active.
2018-07-06 14:06:30 58 [Note] InnoDB: Waiting for purge to start
2018-07-06 14:06:31 58 [Note] InnoDB: 5.6.40 started; log sequence number 61571399
2018-07-06 14:06:31 58 [Note] Server hostname (bind-address): '*'; port: 3306
2018-07-06 14:06:31 58 [Note] IPv6 is available.
2018-07-06 14:06:31 58 [Note]   - '::' resolves to '::';
2018-07-06 14:06:31 58 [Note] Server socket created on IP: '::'.
2018-07-06 14:06:31 58 [Warning] Insecure configuration for --pid-file: Location '/var/run/mysqld' in the path is accessible to all OS users. Consider choosing a different directory.
2018-07-06 14:06:31 58 [Warning] 'user' entry 'root@9fe08f37056c' ignored in --skip-name-resolve mode.
2018-07-06 14:06:31 58 [Warning] 'user' entry '@9fe08f37056c' ignored in --skip-name-resolve mode.
2018-07-06 14:06:31 58 [Warning] 'proxies_priv' entry '@ root@9fe08f37056c' ignored in --skip-name-resolve mode.
2018-07-06 14:06:31 58 [Note] Event Scheduler: Loaded 0 events
2018-07-06 14:06:31 58 [Note] /usr/sbin/mysqld: ready for connections.
Version: '5.6.40'  socket: '/var/run/mysqld/mysqld.sock'  port: 3306  MySQL Community Server (GPL)
2018-07-07 17:27:21 58 [Note] /usr/sbin/mysqld: Normal shutdown

2018-07-07 17:27:21 58 [Note] Giving 2 client threads a chance to die gracefully
2018-07-07 17:27:21 58 [Note] Event Scheduler: Purging the queue. 0 events
2018-07-07 17:27:21 58 [Note] Shutting down slave threads
2018-07-07 17:27:23 58 [Note] Forcefully disconnecting 0 remaining clients
2018-07-07 17:27:23 58 [Note] Binlog end
2018-07-07 17:27:23 58 [Note] Shutting down plugin 'partition'
2018-07-07 17:27:23 58 [Note] Shutting down plugin 'PERFORMANCE_SCHEMA'
2018-07-07 17:27:23 58 [Note] Shutting down plugin 'INNODB_SYS_DATAFILES'
2018-07-07 17:27:23 58 [Note] Shutting down plugin 'INNODB_SYS_TABLESPACES'
2018-07-07 17:27:23 58 [Note] Shutting down plugin 'INNODB_SYS_FOREIGN_COLS'
2018-07-07 17:27:23 58 [Note] Shutting down plugin 'INNODB_SYS_FOREIGN'
2018-07-07 17:27:23 58 [Note] Shutting down plugin 'INNODB_SYS_FIELDS'
2018-07-07 17:27:23 58 [Note] Shutting down plugin 'INNODB_SYS_COLUMNS'
2018-07-07 17:27:23 58 [Note] Shutting down plugin 'INNODB_SYS_INDEXES'
2018-07-07 17:27:23 58 [Note] Shutting down plugin 'INNODB_SYS_TABLESTATS'
2018-07-07 17:27:23 58 [Note] Shutting down plugin 'INNODB_SYS_TABLES'
2018-07-07 17:27:23 58 [Note] Shutting down plugin 'INNODB_FT_INDEX_TABLE'
2018-07-07 17:27:23 58 [Note] Shutting down plugin 'INNODB_FT_INDEX_CACHE'
2018-07-07 17:27:23 58 [Note] Shutting down plugin 'INNODB_FT_CONFIG'
2018-07-07 17:27:23 58 [Note] Shutting down plugin 'INNODB_FT_BEING_DELETED'
2018-07-07 17:27:23 58 [Note] Shutting down plugin 'INNODB_FT_DELETED'
2018-07-07 17:27:23 58 [Note] Shutting down plugin 'INNODB_FT_DEFAULT_STOPWORD'
2018-07-07 17:27:23 58 [Note] Shutting down plugin 'INNODB_METRICS'
2018-07-07 17:27:23 58 [Note] Shutting down plugin 'INNODB_BUFFER_POOL_STATS'
2018-07-07 17:27:23 58 [Note] Shutting down plugin 'INNODB_BUFFER_PAGE_LRU'
2018-07-07 17:27:23 58 [Note] Shutting down plugin 'INNODB_BUFFER_PAGE'
2018-07-07 17:27:23 58 [Note] Shutting down plugin 'INNODB_CMP_PER_INDEX_RESET'
2018-07-07 17:27:23 58 [Note] Shutting down plugin 'INNODB_CMP_PER_INDEX'
2018-07-07 17:27:23 58 [Note] Shutting down plugin 'INNODB_CMPMEM_RESET'
2018-07-07 17:27:23 58 [Note] Shutting down plugin 'INNODB_CMPMEM'
2018-07-07 17:27:23 58 [Note] Shutting down plugin 'INNODB_CMP_RESET'
2018-07-07 17:27:23 58 [Note] Shutting down plugin 'INNODB_CMP'
2018-07-07 17:27:23 58 [Note] Shutting down plugin 'INNODB_LOCK_WAITS'
2018-07-07 17:27:23 58 [Note] Shutting down plugin 'INNODB_LOCKS'
2018-07-07 17:27:23 58 [Note] Shutting down plugin 'INNODB_TRX'
2018-07-07 17:27:23 58 [Note] Shutting down plugin 'InnoDB'
2018-07-07 17:27:23 58 [Note] InnoDB: FTS optimize thread exiting.
2018-07-07 17:27:23 58 [Note] InnoDB: Starting shutdown...
2018-07-07 17:30:32 59 [Warning] Using unique option prefix myisam-recover instead of myisam-recover-options is deprecated and will be removed in a future release. Please use the full name instead.
2018-07-07 17:30:32 59 [Note] Plugin 'FEDERATED' is disabled.
2018-07-07 17:30:32 59 [Note] InnoDB: Using atomics to ref count buffer pool pages
2018-07-07 17:30:32 59 [Note] InnoDB: The InnoDB memory heap is disabled
2018-07-07 17:30:32 59 [Note] InnoDB: Mutexes and rw_locks use GCC atomic builtins
2018-07-07 17:30:32 59 [Note] InnoDB: Memory barrier is not used
2018-07-07 17:30:32 59 [Note] InnoDB: Compressed tables use zlib 1.2.3
2018-07-07 17:30:32 59 [Note] InnoDB: Using Linux native AIO
2018-07-07 17:30:32 59 [Note] InnoDB: Using CPU crc32 instructions
2018-07-07 17:30:32 59 [Note] InnoDB: Initializing buffer pool, size = 32.0M
2018-07-07 17:30:32 59 [Note] InnoDB: Completed initialization of buffer pool
2018-07-07 17:30:32 59 [Note] InnoDB: Highest supported file format is Barracuda.
2018-07-07 17:30:32 59 [Note] InnoDB: The log sequence numbers 61571399 and 61571399 in ibdata files do not match the log sequence number 85690690 in the ib_logfiles!
2018-07-07 17:30:32 59 [Note] InnoDB: Database was not shutdown normally!
2018-07-07 17:30:32 59 [Note] InnoDB: Starting crash recovery.
2018-07-07 17:30:32 59 [Note] InnoDB: Reading tablespace information from the .ibd files...
2018-07-07 17:30:32 59 [Note] InnoDB: Restoring possible half-written data pages 
2018-07-07 17:30:32 59 [Note] InnoDB: from the doublewrite buffer...
2018-07-07 17:30:33 59 [Note] InnoDB: 128 rollback segment(s) are active.
2018-07-07 17:30:33 59 [Note] InnoDB: Waiting for purge to start
2018-07-07 17:30:33 59 [Note] InnoDB: 5.6.40 started; log sequence number 85690690
2018-07-07 17:30:33 59 [Note] Server hostname (bind-address): '*'; port: 3306
2018-07-07 17:30:33 59 [Note] IPv6 is available.
2018-07-07 17:30:33 59 [Note]   - '::' resolves to '::';
2018-07-07 17:30:33 59 [Note] Server socket created on IP: '::'.
2018-07-07 17:30:33 59 [Warning] Insecure configuration for --pid-file: Location '/var/run/mysqld' in the path is accessible to all OS users. Consider choosing a different directory.
2018-07-07 17:30:33 59 [Warning] 'user' entry 'root@9fe08f37056c' ignored in --skip-name-resolve mode.
2018-07-07 17:30:33 59 [Warning] 'user' entry '@9fe08f37056c' ignored in --skip-name-resolve mode.
2018-07-07 17:30:33 59 [Warning] 'proxies_priv' entry '@ root@9fe08f37056c' ignored in --skip-name-resolve mode.
2018-07-07 17:30:33 59 [Note] Event Scheduler: Loaded 0 events
2018-07-07 17:30:33 59 [Note] /usr/sbin/mysqld: ready for connections.
Version: '5.6.40'  socket: '/var/run/mysqld/mysqld.sock'  port: 3306  MySQL Community Server (GPL)
2018-07-07 22:27:56 59 [Note] /usr/sbin/mysqld: Normal shutdown

2018-07-07 22:27:56 59 [Note] Giving 5 client threads a chance to die gracefully
2018-07-07 22:27:56 59 [Note] Event Scheduler: Purging the queue. 0 events
2018-07-07 22:27:56 59 [Note] Shutting down slave threads
2018-07-07 22:28:08 60 [Warning] Using unique option prefix myisam-recover instead of myisam-recover-options is deprecated and will be removed in a future release. Please use the full name instead.
2018-07-07 22:28:08 60 [Note] Plugin 'FEDERATED' is disabled.
2018-07-07 22:28:08 60 [Note] InnoDB: Using atomics to ref count buffer pool pages
2018-07-07 22:28:08 60 [Note] InnoDB: The InnoDB memory heap is disabled
2018-07-07 22:28:08 60 [Note] InnoDB: Mutexes and rw_locks use GCC atomic builtins
2018-07-07 22:28:08 60 [Note] InnoDB: Memory barrier is not used
2018-07-07 22:28:08 60 [Note] InnoDB: Compressed tables use zlib 1.2.3
2018-07-07 22:28:08 60 [Note] InnoDB: Using Linux native AIO
2018-07-07 22:28:08 60 [Note] InnoDB: Using CPU crc32 instructions
2018-07-07 22:28:08 60 [Note] InnoDB: Initializing buffer pool, size = 32.0M
2018-07-07 22:28:08 60 [Note] InnoDB: Completed initialization of buffer pool
2018-07-07 22:28:08 60 [Note] InnoDB: Highest supported file format is Barracuda.
2018-07-07 22:28:08 60 [Note] InnoDB: The log sequence numbers 61571399 and 61571399 in ibdata files do not match the log sequence number 104933143 in the ib_logfiles!
2018-07-07 22:28:08 60 [Note] InnoDB: Database was not shutdown normally!
2018-07-07 22:28:08 60 [Note] InnoDB: Starting crash recovery.
2018-07-07 22:28:08 60 [Note] InnoDB: Reading tablespace information from the .ibd files...
2018-07-07 22:28:08 60 [Note] InnoDB: Restoring possible half-written data pages 
2018-07-07 22:28:08 60 [Note] InnoDB: from the doublewrite buffer...
2018-07-07 22:28:08 60 [Note] InnoDB: 128 rollback segment(s) are active.
2018-07-07 22:28:08 60 [Note] InnoDB: Waiting for purge to start
2018-07-07 22:28:08 60 [Note] InnoDB: 5.6.40 started; log sequence number 104933143
2018-07-07 22:28:08 60 [Note] Server hostname (bind-address): '*'; port: 3306
2018-07-07 22:28:08 60 [Note] IPv6 is available.
2018-07-07 22:28:08 60 [Note]   - '::' resolves to '::';
2018-07-07 22:28:08 60 [Note] Server socket created on IP: '::'.
2018-07-07 22:28:08 60 [Warning] Insecure configuration for --pid-file: Location '/var/run/mysqld' in the path is accessible to all OS users. Consider choosing a different directory.
2018-07-07 22:28:08 60 [Warning] 'user' entry 'root@9fe08f37056c' ignored in --skip-name-resolve mode.
2018-07-07 22:28:08 60 [Warning] 'user' entry '@9fe08f37056c' ignored in --skip-name-resolve mode.
2018-07-07 22:28:08 60 [Warning] 'proxies_priv' entry '@ root@9fe08f37056c' ignored in --skip-name-resolve mode.
2018-07-07 22:28:08 60 [Note] Event Scheduler: Loaded 0 events
2018-07-07 22:28:08 60 [Note] /usr/sbin/mysqld: ready for connections.
Version: '5.6.40'  socket: '/var/run/mysqld/mysqld.sock'  port: 3306  MySQL Community Server (GPL)
2018-07-07 22:35:21 60 [Note] /usr/sbin/mysqld: Normal shutdown

2018-07-07 22:35:21 60 [Note] Giving 3 client threads a chance to die gracefully
2018-07-07 22:35:21 60 [Note] Event Scheduler: Purging the queue. 0 events
2018-07-07 22:35:21 60 [Note] Shutting down slave threads
2018-07-07 22:35:29 60 [Warning] Using unique option prefix myisam-recover instead of myisam-recover-options is deprecated and will be removed in a future release. Please use the full name instead.
2018-07-07 22:35:29 60 [Note] Plugin 'FEDERATED' is disabled.
2018-07-07 22:35:29 60 [Note] InnoDB: Using atomics to ref count buffer pool pages
2018-07-07 22:35:29 60 [Note] InnoDB: The InnoDB memory heap is disabled
2018-07-07 22:35:29 60 [Note] InnoDB: Mutexes and rw_locks use GCC atomic builtins
2018-07-07 22:35:29 60 [Note] InnoDB: Memory barrier is not used
2018-07-07 22:35:29 60 [Note] InnoDB: Compressed tables use zlib 1.2.3
2018-07-07 22:35:29 60 [Note] InnoDB: Using Linux native AIO
2018-07-07 22:35:29 60 [Note] InnoDB: Using CPU crc32 instructions
2018-07-07 22:35:29 60 [Note] InnoDB: Initializing buffer pool, size = 32.0M
2018-07-07 22:35:29 60 [Note] InnoDB: Completed initialization of buffer pool
2018-07-07 22:35:29 60 [Note] InnoDB: Highest supported file format is Barracuda.
2018-07-07 22:35:29 60 [Note] InnoDB: The log sequence numbers 61571399 and 61571399 in ibdata files do not match the log sequence number 108691747 in the ib_logfiles!
2018-07-07 22:35:29 60 [Note] InnoDB: Database was not shutdown normally!
2018-07-07 22:35:29 60 [Note] InnoDB: Starting crash recovery.
2018-07-07 22:35:29 60 [Note] InnoDB: Reading tablespace information from the .ibd files...
2018-07-07 22:35:29 60 [Note] InnoDB: Restoring possible half-written data pages 
2018-07-07 22:35:29 60 [Note] InnoDB: from the doublewrite buffer...
2018-07-07 22:35:29 60 [Note] InnoDB: 128 rollback segment(s) are active.
2018-07-07 22:35:29 60 [Note] InnoDB: Waiting for purge to start
2018-07-07 22:35:29 60 [Note] InnoDB: 5.6.40 started; log sequence number 108691747
2018-07-07 22:35:29 60 [Note] Server hostname (bind-address): '*'; port: 3306
2018-07-07 22:35:29 60 [Note] IPv6 is available.
2018-07-07 22:35:29 60 [Note]   - '::' resolves to '::';
2018-07-07 22:35:29 60 [Note] Server socket created on IP: '::'.
2018-07-07 22:35:29 60 [Warning] Insecure configuration for --pid-file: Location '/var/run/mysqld' in the path is accessible to all OS users. Consider choosing a different directory.
2018-07-07 22:35:29 60 [Warning] 'user' entry 'root@9fe08f37056c' ignored in --skip-name-resolve mode.
2018-07-07 22:35:29 60 [Warning] 'user' entry '@9fe08f37056c' ignored in --skip-name-resolve mode.
2018-07-07 22:35:29 60 [Warning] 'proxies_priv' entry '@ root@9fe08f37056c' ignored in --skip-name-resolve mode.
2018-07-07 22:35:29 60 [Note] Event Scheduler: Loaded 0 events
2018-07-07 22:35:29 60 [Note] /usr/sbin/mysqld: ready for connections.
Version: '5.6.40'  socket: '/var/run/mysqld/mysqld.sock'  port: 3306  MySQL Community Server (GPL)
2018-07-08 01:12:25 60 [Note] /usr/sbin/mysqld: Normal shutdown

2018-07-08 01:12:25 60 [Note] Giving 0 client threads a chance to die gracefully
2018-07-08 01:12:25 60 [Note] Event Scheduler: Purging the queue. 0 events
2018-07-08 01:12:25 60 [Note] Shutting down slave threads
2018-07-08 01:12:25 60 [Note] Forcefully disconnecting 0 remaining clients
2018-07-08 01:12:25 60 [Note] Binlog end
2018-07-08 01:12:25 60 [Note] Shutting down plugin 'partition'
2018-07-08 01:12:25 60 [Note] Shutting down plugin 'PERFORMANCE_SCHEMA'
2018-07-08 01:12:25 60 [Note] Shutting down plugin 'INNODB_SYS_DATAFILES'
2018-07-08 01:12:25 60 [Note] Shutting down plugin 'INNODB_SYS_TABLESPACES'
2018-07-08 01:12:25 60 [Note] Shutting down plugin 'INNODB_SYS_FOREIGN_COLS'
2018-07-08 01:12:25 60 [Note] Shutting down plugin 'INNODB_SYS_FOREIGN'
2018-07-08 01:12:25 60 [Note] Shutting down plugin 'INNODB_SYS_FIELDS'
2018-07-08 01:12:25 60 [Note] Shutting down plugin 'INNODB_SYS_COLUMNS'
2018-07-08 01:12:25 60 [Note] Shutting down plugin 'INNODB_SYS_INDEXES'
2018-07-08 01:12:25 60 [Note] Shutting down plugin 'INNODB_SYS_TABLESTATS'
2018-07-08 01:12:25 60 [Note] Shutting down plugin 'INNODB_SYS_TABLES'
2018-07-08 01:12:25 60 [Note] Shutting down plugin 'INNODB_FT_INDEX_TABLE'
2018-07-08 01:12:25 60 [Note] Shutting down plugin 'INNODB_FT_INDEX_CACHE'
2018-07-08 01:12:25 60 [Note] Shutting down plugin 'INNODB_FT_CONFIG'
2018-07-08 01:12:25 60 [Note] Shutting down plugin 'INNODB_FT_BEING_DELETED'
2018-07-08 01:12:25 60 [Note] Shutting down plugin 'INNODB_FT_DELETED'
2018-07-08 01:12:25 60 [Note] Shutting down plugin 'INNODB_FT_DEFAULT_STOPWORD'
2018-07-08 01:12:25 60 [Note] Shutting down plugin 'INNODB_METRICS'
2018-07-08 01:12:25 60 [Note] Shutting down plugin 'INNODB_BUFFER_POOL_STATS'
2018-07-08 01:12:25 60 [Note] Shutting down plugin 'INNODB_BUFFER_PAGE_LRU'
2018-07-08 01:12:25 60 [Note] Shutting down plugin 'INNODB_BUFFER_PAGE'
2018-07-08 01:12:25 60 [Note] Shutting down plugin 'INNODB_CMP_PER_INDEX_RESET'
2018-07-08 01:12:25 60 [Note] Shutting down plugin 'INNODB_CMP_PER_INDEX'
2018-07-08 01:12:25 60 [Note] Shutting down plugin 'INNODB_CMPMEM_RESET'
2018-07-08 01:12:25 60 [Note] Shutting down plugin 'INNODB_CMPMEM'
2018-07-08 01:12:25 60 [Note] Shutting down plugin 'INNODB_CMP_RESET'
2018-07-08 01:12:25 60 [Note] Shutting down plugin 'INNODB_CMP'
2018-07-08 01:12:25 60 [Note] Shutting down plugin 'INNODB_LOCK_WAITS'
2018-07-08 01:12:25 60 [Note] Shutting down plugin 'INNODB_LOCKS'
2018-07-08 01:12:25 60 [Note] Shutting down plugin 'INNODB_TRX'
2018-07-08 01:12:25 60 [Note] Shutting down plugin 'InnoDB'
2018-07-08 01:12:25 60 [Note] InnoDB: FTS optimize thread exiting.
2018-07-08 01:12:25 60 [Note] InnoDB: Starting shutdown...
2018-07-08 01:12:26 60 [Note] InnoDB: Shutdown completed; log sequence number 129768634
2018-07-08 01:12:26 60 [Note] Shutting down plugin 'BLACKHOLE'
2018-07-08 01:12:26 60 [Note] Shutting down plugin 'ARCHIVE'
2018-07-08 01:12:26 60 [Note] Shutting down plugin 'MRG_MYISAM'
2018-07-08 01:12:26 60 [Note] Shutting down plugin 'MyISAM'
2018-07-08 01:12:26 60 [Note] Shutting down plugin 'MEMORY'
2018-07-08 01:12:26 60 [Note] Shutting down plugin 'CSV'
2018-07-08 01:12:26 60 [Note] Shutting down plugin 'sha256_password'
2018-07-08 01:12:26 60 [Note] Shutting down plugin 'mysql_old_password'
2018-07-08 01:12:26 60 [Note] Shutting down plugin 'mysql_native_password'
2018-07-08 01:12:26 60 [Note] Shutting down plugin 'binlog'
2018-07-08 01:12:26 60 [Note] /usr/sbin/mysqld: Shutdown complete

2018-07-08 01:12:33 60 [Warning] Using unique option prefix myisam-recover instead of myisam-recover-options is deprecated and will be removed in a future release. Please use the full name instead.
2018-07-08 01:12:33 60 [Note] Plugin 'FEDERATED' is disabled.
2018-07-08 01:12:33 60 [Note] InnoDB: Using atomics to ref count buffer pool pages
2018-07-08 01:12:33 60 [Note] InnoDB: The InnoDB memory heap is disabled
2018-07-08 01:12:33 60 [Note] InnoDB: Mutexes and rw_locks use GCC atomic builtins
2018-07-08 01:12:33 60 [Note] InnoDB: Memory barrier is not used
2018-07-08 01:12:33 60 [Note] InnoDB: Compressed tables use zlib 1.2.3
2018-07-08 01:12:33 60 [Note] InnoDB: Using Linux native AIO
2018-07-08 01:12:33 60 [Note] InnoDB: Using CPU crc32 instructions
2018-07-08 01:12:33 60 [Note] InnoDB: Initializing buffer pool, size = 32.0M
2018-07-08 01:12:33 60 [Note] InnoDB: Completed initialization of buffer pool
2018-07-08 01:12:33 60 [Note] InnoDB: Highest supported file format is Barracuda.
2018-07-08 01:12:33 60 [Note] InnoDB: 128 rollback segment(s) are active.
2018-07-08 01:12:33 60 [Note] InnoDB: Waiting for purge to start
2018-07-08 01:12:33 60 [Note] InnoDB: 5.6.40 started; log sequence number 129768634
2018-07-08 01:12:33 60 [Note] Server hostname (bind-address): '*'; port: 3306
2018-07-08 01:12:33 60 [Note] IPv6 is available.
2018-07-08 01:12:33 60 [Note]   - '::' resolves to '::';
2018-07-08 01:12:33 60 [Note] Server socket created on IP: '::'.
2018-07-08 01:12:33 60 [Warning] Insecure configuration for --pid-file: Location '/var/run/mysqld' in the path is accessible to all OS users. Consider choosing a different directory.
2018-07-08 01:12:33 60 [Warning] 'user' entry 'root@9fe08f37056c' ignored in --skip-name-resolve mode.
2018-07-08 01:12:33 60 [Warning] 'user' entry '@9fe08f37056c' ignored in --skip-name-resolve mode.
2018-07-08 01:12:33 60 [Warning] 'proxies_priv' entry '@ root@9fe08f37056c' ignored in --skip-name-resolve mode.
2018-07-08 01:12:33 60 [Note] Event Scheduler: Loaded 0 events
2018-07-08 01:12:33 60 [Note] /usr/sbin/mysqld: ready for connections.
Version: '5.6.40'  socket: '/var/run/mysqld/mysqld.sock'  port: 3306  MySQL Community Server (GPL)
2018-07-08 01:52:36 60 [Note] /usr/sbin/mysqld: Normal shutdown

2018-07-08 01:52:36 60 [Note] Giving 0 client threads a chance to die gracefully
2018-07-08 01:52:36 60 [Note] Event Scheduler: Purging the queue. 0 events
2018-07-08 01:52:36 60 [Note] Shutting down slave threads
2018-07-08 01:52:36 60 [Note] Forcefully disconnecting 0 remaining clients
2018-07-08 01:52:36 60 [Note] Binlog end
2018-07-08 01:52:36 60 [Note] Shutting down plugin 'partition'
2018-07-08 01:52:36 60 [Note] Shutting down plugin 'PERFORMANCE_SCHEMA'
2018-07-08 01:52:36 60 [Note] Shutting down plugin 'INNODB_SYS_DATAFILES'
2018-07-08 01:52:36 60 [Note] Shutting down plugin 'INNODB_SYS_TABLESPACES'
2018-07-08 01:52:36 60 [Note] Shutting down plugin 'INNODB_SYS_FOREIGN_COLS'
2018-07-08 01:52:36 60 [Note] Shutting down plugin 'INNODB_SYS_FOREIGN'
2018-07-08 01:52:36 60 [Note] Shutting down plugin 'INNODB_SYS_FIELDS'
2018-07-08 01:52:36 60 [Note] Shutting down plugin 'INNODB_SYS_COLUMNS'
2018-07-08 01:52:36 60 [Note] Shutting down plugin 'INNODB_SYS_INDEXES'
2018-07-08 01:52:36 60 [Note] Shutting down plugin 'INNODB_SYS_TABLESTATS'
2018-07-08 01:52:36 60 [Note] Shutting down plugin 'INNODB_SYS_TABLES'
2018-07-08 01:52:36 60 [Note] Shutting down plugin 'INNODB_FT_INDEX_TABLE'
2018-07-08 01:52:36 60 [Note] Shutting down plugin 'INNODB_FT_INDEX_CACHE'
2018-07-08 01:52:36 60 [Note] Shutting down plugin 'INNODB_FT_CONFIG'
2018-07-08 01:52:36 60 [Note] Shutting down plugin 'INNODB_FT_BEING_DELETED'
2018-07-08 01:52:36 60 [Note] Shutting down plugin 'INNODB_FT_DELETED'
2018-07-08 01:52:36 60 [Note] Shutting down plugin 'INNODB_FT_DEFAULT_STOPWORD'
2018-07-08 01:52:36 60 [Note] Shutting down plugin 'INNODB_METRICS'
2018-07-08 01:52:36 60 [Note] Shutting down plugin 'INNODB_BUFFER_POOL_STATS'
2018-07-08 01:52:36 60 [Note] Shutting down plugin 'INNODB_BUFFER_PAGE_LRU'
2018-07-08 01:52:36 60 [Note] Shutting down plugin 'INNODB_BUFFER_PAGE'
2018-07-08 01:52:36 60 [Note] Shutting down plugin 'INNODB_CMP_PER_INDEX_RESET'
2018-07-08 01:52:36 60 [Note] Shutting down plugin 'INNODB_CMP_PER_INDEX'
2018-07-08 01:52:36 60 [Note] Shutting down plugin 'INNODB_CMPMEM_RESET'
2018-07-08 01:52:36 60 [Note] Shutting down plugin 'INNODB_CMPMEM'
2018-07-08 01:52:36 60 [Note] Shutting down plugin 'INNODB_CMP_RESET'
2018-07-08 01:52:36 60 [Note] Shutting down plugin 'INNODB_CMP'
2018-07-08 01:52:36 60 [Note] Shutting down plugin 'INNODB_LOCK_WAITS'
2018-07-08 01:52:36 60 [Note] Shutting down plugin 'INNODB_LOCKS'
2018-07-08 01:52:36 60 [Note] Shutting down plugin 'INNODB_TRX'
2018-07-08 01:52:36 60 [Note] Shutting down plugin 'InnoDB'
2018-07-08 01:52:36 60 [Note] InnoDB: FTS optimize thread exiting.
2018-07-08 01:52:36 60 [Note] InnoDB: Starting shutdown...
2018-07-08 09:41:17 59 [Warning] Using unique option prefix myisam-recover instead of myisam-recover-options is deprecated and will be removed in a future release. Please use the full name instead.
2018-07-08 09:41:17 59 [Note] Plugin 'FEDERATED' is disabled.
2018-07-08 09:41:17 59 [Note] InnoDB: Using atomics to ref count buffer pool pages
2018-07-08 09:41:17 59 [Note] InnoDB: The InnoDB memory heap is disabled
2018-07-08 09:41:17 59 [Note] InnoDB: Mutexes and rw_locks use GCC atomic builtins
2018-07-08 09:41:17 59 [Note] InnoDB: Memory barrier is not used
2018-07-08 09:41:17 59 [Note] InnoDB: Compressed tables use zlib 1.2.3
2018-07-08 09:41:17 59 [Note] InnoDB: Using Linux native AIO
2018-07-08 09:41:17 59 [Note] InnoDB: Using CPU crc32 instructions
2018-07-08 09:41:17 59 [Note] InnoDB: Initializing buffer pool, size = 32.0M
2018-07-08 09:41:17 59 [Note] InnoDB: Completed initialization of buffer pool
2018-07-08 09:41:17 59 [Note] InnoDB: Highest supported file format is Barracuda.
2018-07-08 09:41:17 59 [Note] InnoDB: The log sequence numbers 129768634 and 129768634 in ibdata files do not match the log sequence number 144818140 in the ib_logfiles!
2018-07-08 09:41:17 59 [Note] InnoDB: Database was not shutdown normally!
2018-07-08 09:41:17 59 [Note] InnoDB: Starting crash recovery.
2018-07-08 09:41:17 59 [Note] InnoDB: Reading tablespace information from the .ibd files...
2018-07-08 09:41:17 59 [Note] InnoDB: Restoring possible half-written data pages 
2018-07-08 09:41:17 59 [Note] InnoDB: from the doublewrite buffer...
2018-07-08 09:41:17 59 [Note] InnoDB: 128 rollback segment(s) are active.
2018-07-08 09:41:17 59 [Note] InnoDB: Waiting for purge to start
2018-07-08 09:41:17 59 [Note] InnoDB: 5.6.40 started; log sequence number 144818140
2018-07-08 09:41:17 59 [Note] Server hostname (bind-address): '*'; port: 3306
2018-07-08 09:41:17 59 [Note] IPv6 is available.
2018-07-08 09:41:17 59 [Note]   - '::' resolves to '::';
2018-07-08 09:41:17 59 [Note] Server socket created on IP: '::'.
2018-07-08 09:41:17 59 [Warning] Insecure configuration for --pid-file: Location '/var/run/mysqld' in the path is accessible to all OS users. Consider choosing a different directory.
2018-07-08 09:41:17 59 [Warning] 'user' entry 'root@9fe08f37056c' ignored in --skip-name-resolve mode.
2018-07-08 09:41:17 59 [Warning] 'user' entry '@9fe08f37056c' ignored in --skip-name-resolve mode.
2018-07-08 09:41:17 59 [Warning] 'proxies_priv' entry '@ root@9fe08f37056c' ignored in --skip-name-resolve mode.
2018-07-08 09:41:18 59 [Note] Event Scheduler: Loaded 0 events
2018-07-08 09:41:18 59 [Note] /usr/sbin/mysqld: ready for connections.
Version: '5.6.40'  socket: '/var/run/mysqld/mysqld.sock'  port: 3306  MySQL Community Server (GPL)
2018-07-08 14:46:15 59 [Note] /usr/sbin/mysqld: Normal shutdown

2018-07-08 14:46:15 59 [Note] Giving 0 client threads a chance to die gracefully
2018-07-08 14:46:15 59 [Note] Event Scheduler: Purging the queue. 0 events
2018-07-08 14:46:15 59 [Note] Shutting down slave threads
2018-07-08 14:46:15 59 [Note] Forcefully disconnecting 0 remaining clients
2018-07-08 14:46:15 59 [Note] Binlog end
2018-07-08 14:46:15 59 [Note] Shutting down plugin 'partition'
2018-07-08 14:46:15 59 [Note] Shutting down plugin 'PERFORMANCE_SCHEMA'
2018-07-08 14:46:15 59 [Note] Shutting down plugin 'INNODB_SYS_DATAFILES'
2018-07-08 14:46:15 59 [Note] Shutting down plugin 'INNODB_SYS_TABLESPACES'
2018-07-08 14:46:15 59 [Note] Shutting down plugin 'INNODB_SYS_FOREIGN_COLS'
2018-07-08 14:46:15 59 [Note] Shutting down plugin 'INNODB_SYS_FOREIGN'
2018-07-08 14:46:15 59 [Note] Shutting down plugin 'INNODB_SYS_FIELDS'
2018-07-08 14:46:15 59 [Note] Shutting down plugin 'INNODB_SYS_COLUMNS'
2018-07-08 14:46:15 59 [Note] Shutting down plugin 'INNODB_SYS_INDEXES'
2018-07-08 14:46:15 59 [Note] Shutting down plugin 'INNODB_SYS_TABLESTATS'
2018-07-08 14:46:15 59 [Note] Shutting down plugin 'INNODB_SYS_TABLES'
2018-07-08 14:46:15 59 [Note] Shutting down plugin 'INNODB_FT_INDEX_TABLE'
2018-07-08 14:46:15 59 [Note] Shutting down plugin 'INNODB_FT_INDEX_CACHE'
2018-07-08 14:46:15 59 [Note] Shutting down plugin 'INNODB_FT_CONFIG'
2018-07-08 14:46:15 59 [Note] Shutting down plugin 'INNODB_FT_BEING_DELETED'
2018-07-08 14:46:15 59 [Note] Shutting down plugin 'INNODB_FT_DELETED'
2018-07-08 14:46:15 59 [Note] Shutting down plugin 'INNODB_FT_DEFAULT_STOPWORD'
2018-07-08 14:46:15 59 [Note] Shutting down plugin 'INNODB_METRICS'
2018-07-08 14:46:15 59 [Note] Shutting down plugin 'INNODB_BUFFER_POOL_STATS'
2018-07-08 14:46:15 59 [Note] Shutting down plugin 'INNODB_BUFFER_PAGE_LRU'
2018-07-08 14:46:15 59 [Note] Shutting down plugin 'INNODB_BUFFER_PAGE'
2018-07-08 14:46:15 59 [Note] Shutting down plugin 'INNODB_CMP_PER_INDEX_RESET'
2018-07-08 14:46:15 59 [Note] Shutting down plugin 'INNODB_CMP_PER_INDEX'
2018-07-08 14:46:15 59 [Note] Shutting down plugin 'INNODB_CMPMEM_RESET'
2018-07-08 14:46:15 59 [Note] Shutting down plugin 'INNODB_CMPMEM'
2018-07-08 14:46:15 59 [Note] Shutting down plugin 'INNODB_CMP_RESET'
2018-07-08 14:46:15 59 [Note] Shutting down plugin 'INNODB_CMP'
2018-07-08 14:46:15 59 [Note] Shutting down plugin 'INNODB_LOCK_WAITS'
2018-07-08 14:46:15 59 [Note] Shutting down plugin 'INNODB_LOCKS'
2018-07-08 14:46:15 59 [Note] Shutting down plugin 'INNODB_TRX'
2018-07-08 14:46:15 59 [Note] Shutting down plugin 'InnoDB'
2018-07-08 14:46:15 59 [Note] InnoDB: FTS optimize thread exiting.
2018-07-08 14:46:15 59 [Note] InnoDB: Starting shutdown...
2018-07-08 14:46:17 59 [Note] InnoDB: Shutdown completed; log sequence number 181932337
2018-07-08 14:46:17 59 [Note] Shutting down plugin 'BLACKHOLE'
2018-07-08 14:46:17 59 [Note] Shutting down plugin 'ARCHIVE'
2018-07-08 14:46:17 59 [Note] Shutting down plugin 'MRG_MYISAM'
2018-07-08 14:46:17 59 [Note] Shutting down plugin 'MyISAM'
2018-07-08 14:46:17 59 [Note] Shutting down plugin 'MEMORY'
2018-07-08 14:46:17 59 [Note] Shutting down plugin 'CSV'
2018-07-08 14:46:17 59 [Note] Shutting down plugin 'sha256_password'
2018-07-08 14:46:17 59 [Note] Shutting down plugin 'mysql_old_password'
2018-07-08 14:46:17 59 [Note] Shutting down plugin 'mysql_native_password'
2018-07-08 14:46:17 59 [Note] Shutting down plugin 'binlog'
2018-07-08 14:46:17 59 [Note] /usr/sbin/mysqld: Shutdown complete

2018-07-08 14:46:24 60 [Warning] Using unique option prefix myisam-recover instead of myisam-recover-options is deprecated and will be removed in a future release. Please use the full name instead.
2018-07-08 14:46:24 60 [Note] Plugin 'FEDERATED' is disabled.
2018-07-08 14:46:24 60 [Note] InnoDB: Using atomics to ref count buffer pool pages
2018-07-08 14:46:24 60 [Note] InnoDB: The InnoDB memory heap is disabled
2018-07-08 14:46:24 60 [Note] InnoDB: Mutexes and rw_locks use GCC atomic builtins
2018-07-08 14:46:24 60 [Note] InnoDB: Memory barrier is not used
2018-07-08 14:46:24 60 [Note] InnoDB: Compressed tables use zlib 1.2.3
2018-07-08 14:46:24 60 [Note] InnoDB: Using Linux native AIO
2018-07-08 14:46:24 60 [Note] InnoDB: Using CPU crc32 instructions
2018-07-08 14:46:24 60 [Note] InnoDB: Initializing buffer pool, size = 32.0M
2018-07-08 14:46:24 60 [Note] InnoDB: Completed initialization of buffer pool
2018-07-08 14:46:24 60 [Note] InnoDB: Highest supported file format is Barracuda.
2018-07-08 14:46:24 60 [Note] InnoDB: 128 rollback segment(s) are active.
2018-07-08 14:46:24 60 [Note] InnoDB: Waiting for purge to start
2018-07-08 14:46:24 60 [Note] InnoDB: 5.6.40 started; log sequence number 181932337
2018-07-08 14:46:24 60 [Note] Server hostname (bind-address): '*'; port: 3306
2018-07-08 14:46:24 60 [Note] IPv6 is available.
2018-07-08 14:46:24 60 [Note]   - '::' resolves to '::';
2018-07-08 14:46:24 60 [Note] Server socket created on IP: '::'.
2018-07-08 14:46:24 60 [Warning] Insecure configuration for --pid-file: Location '/var/run/mysqld' in the path is accessible to all OS users. Consider choosing a different directory.
2018-07-08 14:46:24 60 [Warning] 'user' entry 'root@9fe08f37056c' ignored in --skip-name-resolve mode.
2018-07-08 14:46:24 60 [Warning] 'user' entry '@9fe08f37056c' ignored in --skip-name-resolve mode.
2018-07-08 14:46:24 60 [Warning] 'proxies_priv' entry '@ root@9fe08f37056c' ignored in --skip-name-resolve mode.
2018-07-08 14:46:24 60 [Note] Event Scheduler: Loaded 0 events
2018-07-08 14:46:24 60 [Note] /usr/sbin/mysqld: ready for connections.
Version: '5.6.40'  socket: '/var/run/mysqld/mysqld.sock'  port: 3306  MySQL Community Server (GPL)
2018-07-08 14:46:28 60 [Note] /usr/sbin/mysqld: Normal shutdown

2018-07-08 14:46:28 60 [Note] Giving 0 client threads a chance to die gracefully
2018-07-08 14:46:28 60 [Note] Event Scheduler: Purging the queue. 0 events
2018-07-08 14:46:28 60 [Note] Shutting down slave threads
2018-07-08 14:46:28 60 [Note] Forcefully disconnecting 0 remaining clients
2018-07-08 14:46:28 60 [Note] Binlog end
2018-07-08 14:46:28 60 [Note] Shutting down plugin 'partition'
2018-07-08 14:46:28 60 [Note] Shutting down plugin 'PERFORMANCE_SCHEMA'
2018-07-08 14:46:28 60 [Note] Shutting down plugin 'INNODB_SYS_DATAFILES'
2018-07-08 14:46:28 60 [Note] Shutting down plugin 'INNODB_SYS_TABLESPACES'
2018-07-08 14:46:28 60 [Note] Shutting down plugin 'INNODB_SYS_FOREIGN_COLS'
2018-07-08 14:46:28 60 [Note] Shutting down plugin 'INNODB_SYS_FOREIGN'
2018-07-08 14:46:28 60 [Note] Shutting down plugin 'INNODB_SYS_FIELDS'
2018-07-08 14:46:28 60 [Note] Shutting down plugin 'INNODB_SYS_COLUMNS'
2018-07-08 14:46:28 60 [Note] Shutting down plugin 'INNODB_SYS_INDEXES'
2018-07-08 14:46:28 60 [Note] Shutting down plugin 'INNODB_SYS_TABLESTATS'
2018-07-08 14:46:28 60 [Note] Shutting down plugin 'INNODB_SYS_TABLES'
2018-07-08 14:46:28 60 [Note] Shutting down plugin 'INNODB_FT_INDEX_TABLE'
2018-07-08 14:46:28 60 [Note] Shutting down plugin 'INNODB_FT_INDEX_CACHE'
2018-07-08 14:46:28 60 [Note] Shutting down plugin 'INNODB_FT_CONFIG'
2018-07-08 14:46:28 60 [Note] Shutting down plugin 'INNODB_FT_BEING_DELETED'
2018-07-08 14:46:28 60 [Note] Shutting down plugin 'INNODB_FT_DELETED'
2018-07-08 14:46:28 60 [Note] Shutting down plugin 'INNODB_FT_DEFAULT_STOPWORD'
2018-07-08 14:46:28 60 [Note] Shutting down plugin 'INNODB_METRICS'
2018-07-08 14:46:28 60 [Note] Shutting down plugin 'INNODB_BUFFER_POOL_STATS'
2018-07-08 14:46:28 60 [Note] Shutting down plugin 'INNODB_BUFFER_PAGE_LRU'
2018-07-08 14:46:28 60 [Note] Shutting down plugin 'INNODB_BUFFER_PAGE'
2018-07-08 14:46:28 60 [Note] Shutting down plugin 'INNODB_CMP_PER_INDEX_RESET'
2018-07-08 14:46:28 60 [Note] Shutting down plugin 'INNODB_CMP_PER_INDEX'
2018-07-08 14:46:28 60 [Note] Shutting down plugin 'INNODB_CMPMEM_RESET'
2018-07-08 14:46:28 60 [Note] Shutting down plugin 'INNODB_CMPMEM'
2018-07-08 14:46:28 60 [Note] Shutting down plugin 'INNODB_CMP_RESET'
2018-07-08 14:46:28 60 [Note] Shutting down plugin 'INNODB_CMP'
2018-07-08 14:46:28 60 [Note] Shutting down plugin 'INNODB_LOCK_WAITS'
2018-07-08 14:46:28 60 [Note] Shutting down plugin 'INNODB_LOCKS'
2018-07-08 14:46:28 60 [Note] Shutting down plugin 'INNODB_TRX'
2018-07-08 14:46:28 60 [Note] Shutting down plugin 'InnoDB'
2018-07-08 14:46:28 60 [Note] InnoDB: FTS optimize thread exiting.
2018-07-08 14:46:28 60 [Note] InnoDB: Starting shutdown...
2018-07-08 14:47:49 60 [Warning] Using unique option prefix myisam-recover instead of myisam-recover-options is deprecated and will be removed in a future release. Please use the full name instead.
2018-07-08 14:47:49 60 [Note] Plugin 'FEDERATED' is disabled.
2018-07-08 14:47:49 60 [Note] InnoDB: Using atomics to ref count buffer pool pages
2018-07-08 14:47:49 60 [Note] InnoDB: The InnoDB memory heap is disabled
2018-07-08 14:47:49 60 [Note] InnoDB: Mutexes and rw_locks use GCC atomic builtins
2018-07-08 14:47:49 60 [Note] InnoDB: Memory barrier is not used
2018-07-08 14:47:49 60 [Note] InnoDB: Compressed tables use zlib 1.2.3
2018-07-08 14:47:49 60 [Note] InnoDB: Using Linux native AIO
2018-07-08 14:47:49 60 [Note] InnoDB: Using CPU crc32 instructions
2018-07-08 14:47:49 60 [Note] InnoDB: Initializing buffer pool, size = 32.0M
2018-07-08 14:47:49 60 [Note] InnoDB: Completed initialization of buffer pool
2018-07-08 14:47:49 60 [Note] InnoDB: Highest supported file format is Barracuda.
2018-07-08 14:47:49 60 [Note] InnoDB: The log sequence numbers 181932337 and 181932337 in ibdata files do not match the log sequence number 181932347 in the ib_logfiles!
2018-07-08 14:47:49 60 [Note] InnoDB: Database was not shutdown normally!
2018-07-08 14:47:49 60 [Note] InnoDB: Starting crash recovery.
2018-07-08 14:47:49 60 [Note] InnoDB: Reading tablespace information from the .ibd files...
2018-07-08 14:47:49 60 [Note] InnoDB: Restoring possible half-written data pages 
2018-07-08 14:47:49 60 [Note] InnoDB: from the doublewrite buffer...
2018-07-08 14:47:49 60 [Note] InnoDB: 128 rollback segment(s) are active.
2018-07-08 14:47:49 60 [Note] InnoDB: Waiting for purge to start
2018-07-08 14:47:49 60 [Note] InnoDB: 5.6.40 started; log sequence number 181932347
2018-07-08 14:47:49 60 [Note] Server hostname (bind-address): '*'; port: 3306
2018-07-08 14:47:49 60 [Note] IPv6 is available.
2018-07-08 14:47:49 60 [Note]   - '::' resolves to '::';
2018-07-08 14:47:49 60 [Note] Server socket created on IP: '::'.
2018-07-08 14:47:49 60 [Warning] Insecure configuration for --pid-file: Location '/var/run/mysqld' in the path is accessible to all OS users. Consider choosing a different directory.
2018-07-08 14:47:49 60 [Warning] 'user' entry 'root@9fe08f37056c' ignored in --skip-name-resolve mode.
2018-07-08 14:47:49 60 [Warning] 'user' entry '@9fe08f37056c' ignored in --skip-name-resolve mode.
2018-07-08 14:47:49 60 [Warning] 'proxies_priv' entry '@ root@9fe08f37056c' ignored in --skip-name-resolve mode.
2018-07-08 14:47:49 60 [Note] Event Scheduler: Loaded 0 events
2018-07-08 14:47:49 60 [Note] /usr/sbin/mysqld: ready for connections.
Version: '5.6.40'  socket: '/var/run/mysqld/mysqld.sock'  port: 3306  MySQL Community Server (GPL)
2018-07-08 22:35:54 60 [Note] /usr/sbin/mysqld: Normal shutdown

2018-07-08 22:35:54 60 [Note] Giving 0 client threads a chance to die gracefully
2018-07-08 22:35:54 60 [Note] Event Scheduler: Purging the queue. 0 events
2018-07-08 22:35:54 60 [Note] Shutting down slave threads
2018-07-08 22:35:54 60 [Note] Forcefully disconnecting 0 remaining clients
2018-07-08 22:35:54 60 [Note] Binlog end
2018-07-08 22:35:54 60 [Note] Shutting down plugin 'partition'
2018-07-08 22:35:54 60 [Note] Shutting down plugin 'PERFORMANCE_SCHEMA'
2018-07-08 22:35:54 60 [Note] Shutting down plugin 'INNODB_SYS_DATAFILES'
2018-07-08 22:35:54 60 [Note] Shutting down plugin 'INNODB_SYS_TABLESPACES'
2018-07-08 22:35:54 60 [Note] Shutting down plugin 'INNODB_SYS_FOREIGN_COLS'
2018-07-08 22:35:54 60 [Note] Shutting down plugin 'INNODB_SYS_FOREIGN'
2018-07-08 22:35:54 60 [Note] Shutting down plugin 'INNODB_SYS_FIELDS'
2018-07-08 22:35:54 60 [Note] Shutting down plugin 'INNODB_SYS_COLUMNS'
2018-07-08 22:35:54 60 [Note] Shutting down plugin 'INNODB_SYS_INDEXES'
2018-07-08 22:35:54 60 [Note] Shutting down plugin 'INNODB_SYS_TABLESTATS'
2018-07-08 22:35:54 60 [Note] Shutting down plugin 'INNODB_SYS_TABLES'
2018-07-08 22:35:54 60 [Note] Shutting down plugin 'INNODB_FT_INDEX_TABLE'
2018-07-08 22:35:54 60 [Note] Shutting down plugin 'INNODB_FT_INDEX_CACHE'
2018-07-08 22:35:54 60 [Note] Shutting down plugin 'INNODB_FT_CONFIG'
2018-07-08 22:35:54 60 [Note] Shutting down plugin 'INNODB_FT_BEING_DELETED'
2018-07-08 22:35:54 60 [Note] Shutting down plugin 'INNODB_FT_DELETED'
2018-07-08 22:35:54 60 [Note] Shutting down plugin 'INNODB_FT_DEFAULT_STOPWORD'
2018-07-08 22:35:54 60 [Note] Shutting down plugin 'INNODB_METRICS'
2018-07-08 22:35:54 60 [Note] Shutting down plugin 'INNODB_BUFFER_POOL_STATS'
2018-07-08 22:35:54 60 [Note] Shutting down plugin 'INNODB_BUFFER_PAGE_LRU'
2018-07-08 22:35:54 60 [Note] Shutting down plugin 'INNODB_BUFFER_PAGE'
2018-07-08 22:35:54 60 [Note] Shutting down plugin 'INNODB_CMP_PER_INDEX_RESET'
2018-07-08 22:35:54 60 [Note] Shutting down plugin 'INNODB_CMP_PER_INDEX'
2018-07-08 22:35:54 60 [Note] Shutting down plugin 'INNODB_CMPMEM_RESET'
2018-07-08 22:35:54 60 [Note] Shutting down plugin 'INNODB_CMPMEM'
2018-07-08 22:35:54 60 [Note] Shutting down plugin 'INNODB_CMP_RESET'
2018-07-08 22:35:54 60 [Note] Shutting down plugin 'INNODB_CMP'
2018-07-08 22:35:54 60 [Note] Shutting down plugin 'INNODB_LOCK_WAITS'
2018-07-08 22:35:54 60 [Note] Shutting down plugin 'INNODB_LOCKS'
2018-07-08 22:35:54 60 [Note] Shutting down plugin 'INNODB_TRX'
2018-07-08 22:35:54 60 [Note] Shutting down plugin 'InnoDB'
2018-07-08 22:35:54 60 [Note] InnoDB: FTS optimize thread exiting.
2018-07-08 22:35:54 60 [Note] InnoDB: Starting shutdown...
2018-07-08 22:35:55 60 [Note] InnoDB: Shutdown completed; log sequence number 301386442
2018-07-08 22:35:55 60 [Note] Shutting down plugin 'BLACKHOLE'
2018-07-08 22:35:55 60 [Note] Shutting down plugin 'ARCHIVE'
2018-07-08 22:35:55 60 [Note] Shutting down plugin 'MRG_MYISAM'
2018-07-08 22:35:55 60 [Note] Shutting down plugin 'MyISAM'
2018-07-08 22:35:55 60 [Note] Shutting down plugin 'MEMORY'
2018-07-08 22:35:55 60 [Note] Shutting down plugin 'CSV'
2018-07-08 22:35:55 60 [Note] Shutting down plugin 'sha256_password'
2018-07-08 22:35:55 60 [Note] Shutting down plugin 'mysql_old_password'
2018-07-08 22:35:55 60 [Note] Shutting down plugin 'mysql_native_password'
2018-07-08 22:35:55 60 [Note] Shutting down plugin 'binlog'
2018-07-08 22:35:55 60 [Note] /usr/sbin/mysqld: Shutdown complete

2018-07-09 12:09:01 60 [Warning] Using unique option prefix myisam-recover instead of myisam-recover-options is deprecated and will be removed in a future release. Please use the full name instead.
2018-07-09 12:09:01 60 [Note] Plugin 'FEDERATED' is disabled.
2018-07-09 12:09:01 60 [Note] InnoDB: Using atomics to ref count buffer pool pages
2018-07-09 12:09:01 60 [Note] InnoDB: The InnoDB memory heap is disabled
2018-07-09 12:09:01 60 [Note] InnoDB: Mutexes and rw_locks use GCC atomic builtins
2018-07-09 12:09:01 60 [Note] InnoDB: Memory barrier is not used
2018-07-09 12:09:01 60 [Note] InnoDB: Compressed tables use zlib 1.2.3
2018-07-09 12:09:01 60 [Note] InnoDB: Using Linux native AIO
2018-07-09 12:09:01 60 [Note] InnoDB: Using CPU crc32 instructions
2018-07-09 12:09:01 60 [Note] InnoDB: Initializing buffer pool, size = 32.0M
2018-07-09 12:09:01 60 [Note] InnoDB: Completed initialization of buffer pool
2018-07-09 12:09:01 60 [Note] InnoDB: Highest supported file format is Barracuda.
2018-07-09 12:09:01 60 [Note] InnoDB: 128 rollback segment(s) are active.
2018-07-09 12:09:01 60 [Note] InnoDB: Waiting for purge to start
2018-07-09 12:09:01 60 [Note] InnoDB: 5.6.40 started; log sequence number 301386442
2018-07-09 12:09:01 60 [Note] Server hostname (bind-address): '*'; port: 3306
2018-07-09 12:09:01 60 [Note] IPv6 is available.
2018-07-09 12:09:01 60 [Note]   - '::' resolves to '::';
2018-07-09 12:09:01 60 [Note] Server socket created on IP: '::'.
2018-07-09 12:09:01 60 [Warning] Insecure configuration for --pid-file: Location '/var/run/mysqld' in the path is accessible to all OS users. Consider choosing a different directory.
2018-07-09 12:09:01 60 [Warning] 'user' entry 'root@9fe08f37056c' ignored in --skip-name-resolve mode.
2018-07-09 12:09:01 60 [Warning] 'user' entry '@9fe08f37056c' ignored in --skip-name-resolve mode.
2018-07-09 12:09:01 60 [Warning] 'proxies_priv' entry '@ root@9fe08f37056c' ignored in --skip-name-resolve mode.
2018-07-09 12:09:01 60 [Note] Event Scheduler: Loaded 0 events
2018-07-09 12:09:01 60 [Note] /usr/sbin/mysqld: ready for connections.
Version: '5.6.40'  socket: '/var/run/mysqld/mysqld.sock'  port: 3306  MySQL Community Server (GPL)
2018-07-10 16:24:22 60 [Note] /usr/sbin/mysqld: Normal shutdown

2018-07-10 16:24:22 60 [Note] Giving 1 client threads a chance to die gracefully
2018-07-10 16:24:22 60 [Note] Event Scheduler: Purging the queue. 0 events
2018-07-10 16:24:22 60 [Note] Shutting down slave threads
2018-07-10 17:31:20 60 [Warning] Using unique option prefix myisam-recover instead of myisam-recover-options is deprecated and will be removed in a future release. Please use the full name instead.
2018-07-10 17:31:20 60 [Note] Plugin 'FEDERATED' is disabled.
2018-07-10 17:31:20 60 [Note] InnoDB: Using atomics to ref count buffer pool pages
2018-07-10 17:31:20 60 [Note] InnoDB: The InnoDB memory heap is disabled
2018-07-10 17:31:20 60 [Note] InnoDB: Mutexes and rw_locks use GCC atomic builtins
2018-07-10 17:31:20 60 [Note] InnoDB: Memory barrier is not used
2018-07-10 17:31:20 60 [Note] InnoDB: Compressed tables use zlib 1.2.3
2018-07-10 17:31:20 60 [Note] InnoDB: Using Linux native AIO
2018-07-10 17:31:20 60 [Note] InnoDB: Using CPU crc32 instructions
2018-07-10 17:31:20 60 [Note] InnoDB: Initializing buffer pool, size = 32.0M
2018-07-10 17:31:20 60 [Note] InnoDB: Completed initialization of buffer pool
2018-07-10 17:31:20 60 [Note] InnoDB: Highest supported file format is Barracuda.
2018-07-10 17:31:20 60 [Note] InnoDB: The log sequence numbers 301386442 and 301386442 in ibdata files do not match the log sequence number 451869884 in the ib_logfiles!
2018-07-10 17:31:20 60 [Note] InnoDB: Database was not shutdown normally!
2018-07-10 17:31:20 60 [Note] InnoDB: Starting crash recovery.
2018-07-10 17:31:20 60 [Note] InnoDB: Reading tablespace information from the .ibd files...
2018-07-10 17:31:20 60 [Note] InnoDB: Restoring possible half-written data pages 
2018-07-10 17:31:20 60 [Note] InnoDB: from the doublewrite buffer...
2018-07-10 17:31:20 60 [Note] InnoDB: 128 rollback segment(s) are active.
2018-07-10 17:31:20 60 [Note] InnoDB: Waiting for purge to start
2018-07-10 17:31:20 60 [Note] InnoDB: 5.6.40 started; log sequence number 451869884
2018-07-10 17:31:20 60 [Note] Server hostname (bind-address): '*'; port: 3306
2018-07-10 17:31:20 60 [Note] IPv6 is available.
2018-07-10 17:31:20 60 [Note]   - '::' resolves to '::';
2018-07-10 17:31:20 60 [Note] Server socket created on IP: '::'.
2018-07-10 17:31:20 60 [Warning] Insecure configuration for --pid-file: Location '/var/run/mysqld' in the path is accessible to all OS users. Consider choosing a different directory.
2018-07-10 17:31:20 60 [Warning] 'user' entry 'root@9fe08f37056c' ignored in --skip-name-resolve mode.
2018-07-10 17:31:20 60 [Warning] 'user' entry '@9fe08f37056c' ignored in --skip-name-resolve mode.
2018-07-10 17:31:20 60 [Warning] 'proxies_priv' entry '@ root@9fe08f37056c' ignored in --skip-name-resolve mode.
2018-07-10 17:31:20 60 [Note] Event Scheduler: Loaded 0 events
2018-07-10 17:31:20 60 [Note] /usr/sbin/mysqld: ready for connections.
Version: '5.6.40'  socket: '/var/run/mysqld/mysqld.sock'  port: 3306  MySQL Community Server (GPL)
2018-07-10 17:40:53 60 [Note] /usr/sbin/mysqld: Normal shutdown

2018-07-10 17:40:53 60 [Note] Giving 0 client threads a chance to die gracefully
2018-07-10 17:40:53 60 [Note] Event Scheduler: Purging the queue. 0 events
2018-07-10 17:40:53 60 [Note] Shutting down slave threads
2018-07-10 17:40:53 60 [Note] Forcefully disconnecting 0 remaining clients
2018-07-10 17:40:53 60 [Note] Binlog end
2018-07-10 17:40:53 60 [Note] Shutting down plugin 'partition'
2018-07-10 17:40:53 60 [Note] Shutting down plugin 'PERFORMANCE_SCHEMA'
2018-07-10 17:40:53 60 [Note] Shutting down plugin 'INNODB_SYS_DATAFILES'
2018-07-10 17:40:53 60 [Note] Shutting down plugin 'INNODB_SYS_TABLESPACES'
2018-07-10 17:40:53 60 [Note] Shutting down plugin 'INNODB_SYS_FOREIGN_COLS'
2018-07-10 17:40:53 60 [Note] Shutting down plugin 'INNODB_SYS_FOREIGN'
2018-07-10 17:40:53 60 [Note] Shutting down plugin 'INNODB_SYS_FIELDS'
2018-07-10 17:40:53 60 [Note] Shutting down plugin 'INNODB_SYS_COLUMNS'
2018-07-10 17:40:53 60 [Note] Shutting down plugin 'INNODB_SYS_INDEXES'
2018-07-10 17:40:53 60 [Note] Shutting down plugin 'INNODB_SYS_TABLESTATS'
2018-07-10 17:40:53 60 [Note] Shutting down plugin 'INNODB_SYS_TABLES'
2018-07-10 17:40:53 60 [Note] Shutting down plugin 'INNODB_FT_INDEX_TABLE'
2018-07-10 17:40:53 60 [Note] Shutting down plugin 'INNODB_FT_INDEX_CACHE'
2018-07-10 17:40:53 60 [Note] Shutting down plugin 'INNODB_FT_CONFIG'
2018-07-10 17:40:53 60 [Note] Shutting down plugin 'INNODB_FT_BEING_DELETED'
2018-07-10 17:40:53 60 [Note] Shutting down plugin 'INNODB_FT_DELETED'
2018-07-10 17:40:53 60 [Note] Shutting down plugin 'INNODB_FT_DEFAULT_STOPWORD'
2018-07-10 17:40:53 60 [Note] Shutting down plugin 'INNODB_METRICS'
2018-07-10 17:40:53 60 [Note] Shutting down plugin 'INNODB_BUFFER_POOL_STATS'
2018-07-10 17:40:53 60 [Note] Shutting down plugin 'INNODB_BUFFER_PAGE_LRU'
2018-07-10 17:40:53 60 [Note] Shutting down plugin 'INNODB_BUFFER_PAGE'
2018-07-10 17:40:53 60 [Note] Shutting down plugin 'INNODB_CMP_PER_INDEX_RESET'
2018-07-10 17:40:53 60 [Note] Shutting down plugin 'INNODB_CMP_PER_INDEX'
2018-07-10 17:40:53 60 [Note] Shutting down plugin 'INNODB_CMPMEM_RESET'
2018-07-10 17:40:53 60 [Note] Shutting down plugin 'INNODB_CMPMEM'
2018-07-10 17:40:53 60 [Note] Shutting down plugin 'INNODB_CMP_RESET'
2018-07-10 17:40:53 60 [Note] Shutting down plugin 'INNODB_CMP'
2018-07-10 17:40:53 60 [Note] Shutting down plugin 'INNODB_LOCK_WAITS'
2018-07-10 17:40:53 60 [Note] Shutting down plugin 'INNODB_LOCKS'
2018-07-10 17:40:53 60 [Note] Shutting down plugin 'INNODB_TRX'
2018-07-10 17:40:53 60 [Note] Shutting down plugin 'InnoDB'
2018-07-10 17:40:53 60 [Note] InnoDB: FTS optimize thread exiting.
2018-07-10 17:40:53 60 [Note] InnoDB: Starting shutdown...
2018-07-10 17:40:54 60 [Note] InnoDB: Shutdown completed; log sequence number 453569575
2018-07-10 17:40:54 60 [Note] Shutting down plugin 'BLACKHOLE'
2018-07-10 17:40:54 60 [Note] Shutting down plugin 'ARCHIVE'
2018-07-10 17:40:54 60 [Note] Shutting down plugin 'MRG_MYISAM'
2018-07-10 17:40:54 60 [Note] Shutting down plugin 'MyISAM'
2018-07-10 17:40:54 60 [Note] Shutting down plugin 'MEMORY'
2018-07-10 17:40:54 60 [Note] Shutting down plugin 'CSV'
2018-07-10 17:40:54 60 [Note] Shutting down plugin 'sha256_password'
2018-07-10 17:40:54 60 [Note] Shutting down plugin 'mysql_old_password'
2018-07-10 17:40:54 60 [Note] Shutting down plugin 'mysql_native_password'
2018-07-10 17:40:54 60 [Note] Shutting down plugin 'binlog'
2018-07-10 17:40:54 60 [Note] /usr/sbin/mysqld: Shutdown complete

2018-07-11 07:52:16 60 [Warning] Using unique option prefix myisam-recover instead of myisam-recover-options is deprecated and will be removed in a future release. Please use the full name instead.
2018-07-11 07:52:16 60 [Note] Plugin 'FEDERATED' is disabled.
2018-07-11 07:52:16 60 [Note] InnoDB: Using atomics to ref count buffer pool pages
2018-07-11 07:52:16 60 [Note] InnoDB: The InnoDB memory heap is disabled
2018-07-11 07:52:16 60 [Note] InnoDB: Mutexes and rw_locks use GCC atomic builtins
2018-07-11 07:52:16 60 [Note] InnoDB: Memory barrier is not used
2018-07-11 07:52:16 60 [Note] InnoDB: Compressed tables use zlib 1.2.3
2018-07-11 07:52:16 60 [Note] InnoDB: Using Linux native AIO
2018-07-11 07:52:16 60 [Note] InnoDB: Using CPU crc32 instructions
2018-07-11 07:52:16 60 [Note] InnoDB: Initializing buffer pool, size = 32.0M
2018-07-11 07:52:16 60 [Note] InnoDB: Completed initialization of buffer pool
2018-07-11 07:52:16 60 [Note] InnoDB: Highest supported file format is Barracuda.
2018-07-11 07:52:16 60 [Note] InnoDB: 128 rollback segment(s) are active.
2018-07-11 07:52:16 60 [Note] InnoDB: Waiting for purge to start
2018-07-11 07:52:16 60 [Note] InnoDB: 5.6.40 started; log sequence number 453569575
2018-07-11 07:52:16 60 [Note] Server hostname (bind-address): '*'; port: 3306
2018-07-11 07:52:16 60 [Note] IPv6 is available.
2018-07-11 07:52:16 60 [Note]   - '::' resolves to '::';
2018-07-11 07:52:16 60 [Note] Server socket created on IP: '::'.
2018-07-11 07:52:16 60 [Warning] Insecure configuration for --pid-file: Location '/var/run/mysqld' in the path is accessible to all OS users. Consider choosing a different directory.
2018-07-11 07:52:16 60 [Warning] 'user' entry 'root@9fe08f37056c' ignored in --skip-name-resolve mode.
2018-07-11 07:52:16 60 [Warning] 'user' entry '@9fe08f37056c' ignored in --skip-name-resolve mode.
2018-07-11 07:52:16 60 [Warning] 'proxies_priv' entry '@ root@9fe08f37056c' ignored in --skip-name-resolve mode.
2018-07-11 07:52:16 60 [Note] Event Scheduler: Loaded 0 events
2018-07-11 07:52:16 60 [Note] /usr/sbin/mysqld: ready for connections.
Version: '5.6.40'  socket: '/var/run/mysqld/mysqld.sock'  port: 3306  MySQL Community Server (GPL)
2018-07-13 11:13:40 60 [Note] /usr/sbin/mysqld: Normal shutdown

2018-07-13 11:13:40 60 [Note] Giving 0 client threads a chance to die gracefully
2018-07-13 11:13:40 60 [Note] Event Scheduler: Purging the queue. 0 events
2018-07-13 11:13:40 60 [Note] Shutting down slave threads
2018-07-13 11:13:40 60 [Note] Forcefully disconnecting 0 remaining clients
2018-07-13 11:13:40 60 [Note] Binlog end
2018-07-13 11:13:40 60 [Note] Shutting down plugin 'partition'
2018-07-13 11:13:40 60 [Note] Shutting down plugin 'PERFORMANCE_SCHEMA'
2018-07-13 11:13:40 60 [Note] Shutting down plugin 'INNODB_SYS_DATAFILES'
2018-07-13 11:13:40 60 [Note] Shutting down plugin 'INNODB_SYS_TABLESPACES'
2018-07-13 11:13:40 60 [Note] Shutting down plugin 'INNODB_SYS_FOREIGN_COLS'
2018-07-13 11:13:40 60 [Note] Shutting down plugin 'INNODB_SYS_FOREIGN'
2018-07-13 11:13:40 60 [Note] Shutting down plugin 'INNODB_SYS_FIELDS'
2018-07-13 11:13:40 60 [Note] Shutting down plugin 'INNODB_SYS_COLUMNS'
2018-07-13 11:13:40 60 [Note] Shutting down plugin 'INNODB_SYS_INDEXES'
2018-07-13 11:13:40 60 [Note] Shutting down plugin 'INNODB_SYS_TABLESTATS'
2018-07-13 11:13:40 60 [Note] Shutting down plugin 'INNODB_SYS_TABLES'
2018-07-13 11:13:40 60 [Note] Shutting down plugin 'INNODB_FT_INDEX_TABLE'
2018-07-13 11:13:40 60 [Note] Shutting down plugin 'INNODB_FT_INDEX_CACHE'
2018-07-13 11:13:40 60 [Note] Shutting down plugin 'INNODB_FT_CONFIG'
2018-07-13 11:13:40 60 [Note] Shutting down plugin 'INNODB_FT_BEING_DELETED'
2018-07-13 11:13:40 60 [Note] Shutting down plugin 'INNODB_FT_DELETED'
2018-07-13 11:13:40 60 [Note] Shutting down plugin 'INNODB_FT_DEFAULT_STOPWORD'
2018-07-13 11:13:40 60 [Note] Shutting down plugin 'INNODB_METRICS'
2018-07-13 11:13:40 60 [Note] Shutting down plugin 'INNODB_BUFFER_POOL_STATS'
2018-07-13 11:13:40 60 [Note] Shutting down plugin 'INNODB_BUFFER_PAGE_LRU'
2018-07-13 11:13:40 60 [Note] Shutting down plugin 'INNODB_BUFFER_PAGE'
2018-07-13 11:13:40 60 [Note] Shutting down plugin 'INNODB_CMP_PER_INDEX_RESET'
2018-07-13 11:13:40 60 [Note] Shutting down plugin 'INNODB_CMP_PER_INDEX'
2018-07-13 11:13:40 60 [Note] Shutting down plugin 'INNODB_CMPMEM_RESET'
2018-07-13 11:13:40 60 [Note] Shutting down plugin 'INNODB_CMPMEM'
2018-07-13 11:13:40 60 [Note] Shutting down plugin 'INNODB_CMP_RESET'
2018-07-13 11:13:40 60 [Note] Shutting down plugin 'INNODB_CMP'
2018-07-13 11:13:40 60 [Note] Shutting down plugin 'INNODB_LOCK_WAITS'
2018-07-13 11:13:40 60 [Note] Shutting down plugin 'INNODB_LOCKS'
2018-07-13 11:13:40 60 [Note] Shutting down plugin 'INNODB_TRX'
2018-07-13 11:13:40 60 [Note] Shutting down plugin 'InnoDB'
2018-07-13 11:13:40 60 [Note] InnoDB: FTS optimize thread exiting.
2018-07-13 11:13:40 60 [Note] InnoDB: Starting shutdown...
2018-07-13 11:13:41 60 [Note] InnoDB: Shutdown completed; log sequence number 455279412
2018-07-13 11:13:41 60 [Note] Shutting down plugin 'BLACKHOLE'
2018-07-13 11:13:41 60 [Note] Shutting down plugin 'ARCHIVE'
2018-07-13 11:13:41 60 [Note] Shutting down plugin 'MRG_MYISAM'
2018-07-13 11:13:41 60 [Note] Shutting down plugin 'MyISAM'
2018-07-13 11:13:41 60 [Note] Shutting down plugin 'MEMORY'
2018-07-13 11:13:41 60 [Note] Shutting down plugin 'CSV'
2018-07-13 11:13:41 60 [Note] Shutting down plugin 'sha256_password'
2018-07-13 11:13:41 60 [Note] Shutting down plugin 'mysql_old_password'
2018-07-13 11:13:41 60 [Note] Shutting down plugin 'mysql_native_password'
2018-07-13 11:13:41 60 [Note] Shutting down plugin 'binlog'
2018-07-13 11:13:41 60 [Note] /usr/sbin/mysqld: Shutdown complete

2018-07-13 11:13:47 59 [Warning] Using unique option prefix myisam-recover instead of myisam-recover-options is deprecated and will be removed in a future release. Please use the full name instead.
2018-07-13 11:13:47 59 [Note] Plugin 'FEDERATED' is disabled.
2018-07-13 11:13:47 59 [Note] InnoDB: Using atomics to ref count buffer pool pages
2018-07-13 11:13:47 59 [Note] InnoDB: The InnoDB memory heap is disabled
2018-07-13 11:13:47 59 [Note] InnoDB: Mutexes and rw_locks use GCC atomic builtins
2018-07-13 11:13:47 59 [Note] InnoDB: Memory barrier is not used
2018-07-13 11:13:47 59 [Note] InnoDB: Compressed tables use zlib 1.2.3
2018-07-13 11:13:47 59 [Note] InnoDB: Using Linux native AIO
2018-07-13 11:13:47 59 [Note] InnoDB: Using CPU crc32 instructions
2018-07-13 11:13:47 59 [Note] InnoDB: Initializing buffer pool, size = 32.0M
2018-07-13 11:13:47 59 [Note] InnoDB: Completed initialization of buffer pool
2018-07-13 11:13:47 59 [Note] InnoDB: Highest supported file format is Barracuda.
2018-07-13 11:13:47 59 [Note] InnoDB: 128 rollback segment(s) are active.
2018-07-13 11:13:47 59 [Note] InnoDB: Waiting for purge to start
2018-07-13 11:13:47 59 [Note] InnoDB: 5.6.40 started; log sequence number 455279412
2018-07-13 11:13:47 59 [Note] Server hostname (bind-address): '*'; port: 3306
2018-07-13 11:13:47 59 [Note] IPv6 is available.
2018-07-13 11:13:47 59 [Note]   - '::' resolves to '::';
2018-07-13 11:13:47 59 [Note] Server socket created on IP: '::'.
2018-07-13 11:13:47 59 [Warning] Insecure configuration for --pid-file: Location '/var/run/mysqld' in the path is accessible to all OS users. Consider choosing a different directory.
2018-07-13 11:13:47 59 [Warning] 'user' entry 'root@9fe08f37056c' ignored in --skip-name-resolve mode.
2018-07-13 11:13:47 59 [Warning] 'user' entry '@9fe08f37056c' ignored in --skip-name-resolve mode.
2018-07-13 11:13:47 59 [Warning] 'proxies_priv' entry '@ root@9fe08f37056c' ignored in --skip-name-resolve mode.
2018-07-13 11:13:47 59 [Note] Event Scheduler: Loaded 0 events
2018-07-13 11:13:47 59 [Note] /usr/sbin/mysqld: ready for connections.
Version: '5.6.40'  socket: '/var/run/mysqld/mysqld.sock'  port: 3306  MySQL Community Server (GPL)
2018-07-14 21:12:46 59 [ERROR] /usr/sbin/mysqld: Deadlock found when trying to get lock; try restarting transaction
2018-07-14 21:12:46 59 [ERROR] /usr/sbin/mysqld: Sort aborted: Deadlock found when trying to get lock; try restarting transaction
2018-07-15 13:58:54 62 [Warning] Using unique option prefix myisam-recover instead of myisam-recover-options is deprecated and will be removed in a future release. Please use the full name instead.
2018-07-15 13:58:54 62 [Note] Plugin 'FEDERATED' is disabled.
2018-07-15 13:58:54 62 [Note] InnoDB: Using atomics to ref count buffer pool pages
2018-07-15 13:58:54 62 [Note] InnoDB: The InnoDB memory heap is disabled
2018-07-15 13:58:54 62 [Note] InnoDB: Mutexes and rw_locks use GCC atomic builtins
2018-07-15 13:58:54 62 [Note] InnoDB: Memory barrier is not used
2018-07-15 13:58:54 62 [Note] InnoDB: Compressed tables use zlib 1.2.3
2018-07-15 13:58:54 62 [Note] InnoDB: Using Linux native AIO
2018-07-15 13:58:54 62 [Note] InnoDB: Using CPU crc32 instructions
2018-07-15 13:58:54 62 [Note] InnoDB: Initializing buffer pool, size = 32.0M
2018-07-15 13:58:54 62 [Note] InnoDB: Completed initialization of buffer pool
2018-07-15 13:58:54 62 [Note] InnoDB: Highest supported file format is Barracuda.
2018-07-15 13:58:54 62 [Note] InnoDB: The log sequence numbers 455279412 and 455279412 in ibdata files do not match the log sequence number 827276849 in the ib_logfiles!
2018-07-15 13:58:54 62 [Note] InnoDB: Database was not shutdown normally!
2018-07-15 13:58:54 62 [Note] InnoDB: Starting crash recovery.
2018-07-15 13:58:54 62 [Note] InnoDB: Reading tablespace information from the .ibd files...
2018-07-15 13:58:54 62 [Note] InnoDB: Restoring possible half-written data pages 
2018-07-15 13:58:54 62 [Note] InnoDB: from the doublewrite buffer...
2018-07-15 13:58:55 62 [Note] InnoDB: 128 rollback segment(s) are active.
2018-07-15 13:58:55 62 [Note] InnoDB: Waiting for purge to start
2018-07-15 13:58:55 62 [Note] InnoDB: 5.6.40 started; log sequence number 827276849
2018-07-15 13:58:55 62 [Note] Server hostname (bind-address): '*'; port: 3306
2018-07-15 13:58:55 62 [Note] IPv6 is available.
2018-07-15 13:58:55 62 [Note]   - '::' resolves to '::';
2018-07-15 13:58:55 62 [Note] Server socket created on IP: '::'.
2018-07-15 13:58:55 62 [Warning] Insecure configuration for --pid-file: Location '/var/run/mysqld' in the path is accessible to all OS users. Consider choosing a different directory.
2018-07-15 13:58:55 62 [Warning] 'user' entry 'root@9fe08f37056c' ignored in --skip-name-resolve mode.
2018-07-15 13:58:55 62 [Warning] 'user' entry '@9fe08f37056c' ignored in --skip-name-resolve mode.
2018-07-15 13:58:55 62 [Warning] 'proxies_priv' entry '@ root@9fe08f37056c' ignored in --skip-name-resolve mode.
2018-07-15 13:58:55 62 [Note] Event Scheduler: Loaded 0 events
2018-07-15 13:58:55 62 [Note] /usr/sbin/mysqld: ready for connections.
Version: '5.6.40'  socket: '/var/run/mysqld/mysqld.sock'  port: 3306  MySQL Community Server (GPL)
2018-07-15 16:01:39 62 [ERROR] /usr/sbin/mysqld: Deadlock found when trying to get lock; try restarting transaction
2018-07-15 16:01:39 62 [ERROR] /usr/sbin/mysqld: Sort aborted: Deadlock found when trying to get lock; try restarting transaction
2018-07-15 20:48:46 60 [Warning] Using unique option prefix myisam-recover instead of myisam-recover-options is deprecated and will be removed in a future release. Please use the full name instead.
2018-07-15 20:48:46 60 [Note] Plugin 'FEDERATED' is disabled.
2018-07-15 20:48:46 60 [Note] InnoDB: Using atomics to ref count buffer pool pages
2018-07-15 20:48:46 60 [Note] InnoDB: The InnoDB memory heap is disabled
2018-07-15 20:48:46 60 [Note] InnoDB: Mutexes and rw_locks use GCC atomic builtins
2018-07-15 20:48:46 60 [Note] InnoDB: Memory barrier is not used
2018-07-15 20:48:46 60 [Note] InnoDB: Compressed tables use zlib 1.2.3
2018-07-15 20:48:46 60 [Note] InnoDB: Using Linux native AIO
2018-07-15 20:48:46 60 [Note] InnoDB: Using CPU crc32 instructions
2018-07-15 20:48:46 60 [Note] InnoDB: Initializing buffer pool, size = 32.0M
2018-07-15 20:48:46 60 [Note] InnoDB: Completed initialization of buffer pool
2018-07-15 20:48:46 60 [Note] InnoDB: Highest supported file format is Barracuda.
2018-07-15 20:48:46 60 [Note] InnoDB: 128 rollback segment(s) are active.
2018-07-15 20:48:46 60 [Note] InnoDB: Waiting for purge to start
2018-07-15 20:48:46 60 [Note] InnoDB: 5.6.40 started; log sequence number 977893129
2018-07-15 20:48:46 60 [Note] Server hostname (bind-address): '*'; port: 3306
2018-07-15 20:48:46 60 [Note] IPv6 is available.
2018-07-15 20:48:46 60 [Note]   - '::' resolves to '::';
2018-07-15 20:48:46 60 [Note] Server socket created on IP: '::'.
2018-07-15 20:48:46 60 [Warning] Insecure configuration for --pid-file: Location '/var/run/mysqld' in the path is accessible to all OS users. Consider choosing a different directory.
2018-07-15 20:48:46 60 [Warning] 'user' entry 'root@9fe08f37056c' ignored in --skip-name-resolve mode.
2018-07-15 20:48:46 60 [Warning] 'user' entry '@9fe08f37056c' ignored in --skip-name-resolve mode.
2018-07-15 20:48:46 60 [Warning] 'proxies_priv' entry '@ root@9fe08f37056c' ignored in --skip-name-resolve mode.
2018-07-15 20:48:46 60 [Note] Event Scheduler: Loaded 0 events
2018-07-15 20:48:46 60 [Note] /usr/sbin/mysqld: ready for connections.
Version: '5.6.40'  socket: '/var/run/mysqld/mysqld.sock'  port: 3306  MySQL Community Server (GPL)
2018-07-15 20:50:27 60 [Note] /usr/sbin/mysqld: Normal shutdown

2018-07-15 20:50:27 60 [Note] Giving 0 client threads a chance to die gracefully
2018-07-15 20:50:27 60 [Note] Event Scheduler: Purging the queue. 0 events
2018-07-15 20:50:27 60 [Note] Shutting down slave threads
2018-07-15 20:50:27 60 [Note] Forcefully disconnecting 0 remaining clients
2018-07-15 20:50:27 60 [Note] Binlog end
2018-07-15 20:50:27 60 [Note] Shutting down plugin 'partition'
2018-07-15 20:50:27 60 [Note] Shutting down plugin 'PERFORMANCE_SCHEMA'
2018-07-15 20:50:27 60 [Note] Shutting down plugin 'INNODB_SYS_DATAFILES'
2018-07-15 20:50:27 60 [Note] Shutting down plugin 'INNODB_SYS_TABLESPACES'
2018-07-15 20:50:27 60 [Note] Shutting down plugin 'INNODB_SYS_FOREIGN_COLS'
2018-07-15 20:50:27 60 [Note] Shutting down plugin 'INNODB_SYS_FOREIGN'
2018-07-15 20:50:27 60 [Note] Shutting down plugin 'INNODB_SYS_FIELDS'
2018-07-15 20:50:27 60 [Note] Shutting down plugin 'INNODB_SYS_COLUMNS'
2018-07-15 20:50:27 60 [Note] Shutting down plugin 'INNODB_SYS_INDEXES'
2018-07-15 20:50:27 60 [Note] Shutting down plugin 'INNODB_SYS_TABLESTATS'
2018-07-15 20:50:27 60 [Note] Shutting down plugin 'INNODB_SYS_TABLES'
2018-07-15 20:50:27 60 [Note] Shutting down plugin 'INNODB_FT_INDEX_TABLE'
2018-07-15 20:50:27 60 [Note] Shutting down plugin 'INNODB_FT_INDEX_CACHE'
2018-07-15 20:50:27 60 [Note] Shutting down plugin 'INNODB_FT_CONFIG'
2018-07-15 20:50:27 60 [Note] Shutting down plugin 'INNODB_FT_BEING_DELETED'
2018-07-15 20:50:27 60 [Note] Shutting down plugin 'INNODB_FT_DELETED'
2018-07-15 20:50:27 60 [Note] Shutting down plugin 'INNODB_FT_DEFAULT_STOPWORD'
2018-07-15 20:50:27 60 [Note] Shutting down plugin 'INNODB_METRICS'
2018-07-15 20:50:27 60 [Note] Shutting down plugin 'INNODB_BUFFER_POOL_STATS'
2018-07-15 20:50:27 60 [Note] Shutting down plugin 'INNODB_BUFFER_PAGE_LRU'
2018-07-15 20:50:27 60 [Note] Shutting down plugin 'INNODB_BUFFER_PAGE'
2018-07-15 20:50:27 60 [Note] Shutting down plugin 'INNODB_CMP_PER_INDEX_RESET'
2018-07-15 20:50:27 60 [Note] Shutting down plugin 'INNODB_CMP_PER_INDEX'
2018-07-15 20:50:27 60 [Note] Shutting down plugin 'INNODB_CMPMEM_RESET'
2018-07-15 20:50:27 60 [Note] Shutting down plugin 'INNODB_CMPMEM'
2018-07-15 20:50:27 60 [Note] Shutting down plugin 'INNODB_CMP_RESET'
2018-07-15 20:50:27 60 [Note] Shutting down plugin 'INNODB_CMP'
2018-07-15 20:50:27 60 [Note] Shutting down plugin 'INNODB_LOCK_WAITS'
2018-07-15 20:50:27 60 [Note] Shutting down plugin 'INNODB_LOCKS'
2018-07-15 20:50:27 60 [Note] Shutting down plugin 'INNODB_TRX'
2018-07-15 20:50:27 60 [Note] Shutting down plugin 'InnoDB'
2018-07-15 20:50:27 60 [Note] InnoDB: FTS optimize thread exiting.
2018-07-15 20:50:27 60 [Note] InnoDB: Starting shutdown...
2018-07-15 20:50:29 60 [Note] InnoDB: Shutdown completed; log sequence number 977893139
2018-07-15 20:50:29 60 [Note] Shutting down plugin 'BLACKHOLE'
2018-07-15 20:50:29 60 [Note] Shutting down plugin 'ARCHIVE'
2018-07-15 20:50:29 60 [Note] Shutting down plugin 'MRG_MYISAM'
2018-07-15 20:50:29 60 [Note] Shutting down plugin 'MyISAM'
2018-07-15 20:50:29 60 [Note] Shutting down plugin 'MEMORY'
2018-07-15 20:50:29 60 [Note] Shutting down plugin 'CSV'
2018-07-15 20:50:29 60 [Note] Shutting down plugin 'sha256_password'
2018-07-15 20:50:29 60 [Note] Shutting down plugin 'mysql_old_password'
2018-07-15 20:50:29 60 [Note] Shutting down plugin 'mysql_native_password'
2018-07-15 20:50:29 60 [Note] Shutting down plugin 'binlog'
2018-07-15 20:50:29 60 [Note] /usr/sbin/mysqld: Shutdown complete

2018-07-15 20:50:32 57 [Warning] Using unique option prefix myisam-recover instead of myisam-recover-options is deprecated and will be removed in a future release. Please use the full name instead.
2018-07-15 20:50:32 57 [Note] Plugin 'FEDERATED' is disabled.
2018-07-15 20:50:32 57 [Note] InnoDB: Using atomics to ref count buffer pool pages
2018-07-15 20:50:32 57 [Note] InnoDB: The InnoDB memory heap is disabled
2018-07-15 20:50:32 57 [Note] InnoDB: Mutexes and rw_locks use GCC atomic builtins
2018-07-15 20:50:32 57 [Note] InnoDB: Memory barrier is not used
2018-07-15 20:50:32 57 [Note] InnoDB: Compressed tables use zlib 1.2.3
2018-07-15 20:50:32 57 [Note] InnoDB: Using Linux native AIO
2018-07-15 20:50:32 57 [Note] InnoDB: Using CPU crc32 instructions
2018-07-15 20:50:32 57 [Note] InnoDB: Initializing buffer pool, size = 32.0M
2018-07-15 20:50:32 57 [Note] InnoDB: Completed initialization of buffer pool
2018-07-15 20:50:32 57 [Note] InnoDB: Highest supported file format is Barracuda.
2018-07-15 20:50:32 57 [Note] InnoDB: 128 rollback segment(s) are active.
2018-07-15 20:50:32 57 [Note] InnoDB: Waiting for purge to start
2018-07-15 20:50:32 57 [Note] InnoDB: 5.6.40 started; log sequence number 977893139
2018-07-15 20:50:32 57 [Note] Server hostname (bind-address): '*'; port: 3306
2018-07-15 20:50:32 57 [Note] IPv6 is available.
2018-07-15 20:50:32 57 [Note]   - '::' resolves to '::';
2018-07-15 20:50:32 57 [Note] Server socket created on IP: '::'.
2018-07-15 20:50:32 57 [Warning] Insecure configuration for --pid-file: Location '/var/run/mysqld' in the path is accessible to all OS users. Consider choosing a different directory.
2018-07-15 20:50:32 57 [Warning] 'user' entry 'root@9fe08f37056c' ignored in --skip-name-resolve mode.
2018-07-15 20:50:32 57 [Warning] 'user' entry '@9fe08f37056c' ignored in --skip-name-resolve mode.
2018-07-15 20:50:32 57 [Warning] 'proxies_priv' entry '@ root@9fe08f37056c' ignored in --skip-name-resolve mode.
2018-07-15 20:50:32 57 [Note] Event Scheduler: Loaded 0 events
2018-07-15 20:50:32 57 [Note] /usr/sbin/mysqld: ready for connections.
Version: '5.6.40'  socket: '/var/run/mysqld/mysqld.sock'  port: 3306  MySQL Community Server (GPL)
2018-07-15 20:51:39 57 [Note] /usr/sbin/mysqld: Normal shutdown

2018-07-15 20:51:39 57 [Note] Giving 0 client threads a chance to die gracefully
2018-07-15 20:51:39 57 [Note] Event Scheduler: Purging the queue. 0 events
2018-07-15 20:51:39 57 [Note] Shutting down slave threads
2018-07-15 20:51:39 57 [Note] Forcefully disconnecting 0 remaining clients
2018-07-15 20:51:39 57 [Note] Binlog end
2018-07-15 20:51:39 57 [Note] Shutting down plugin 'partition'
2018-07-15 20:51:39 57 [Note] Shutting down plugin 'PERFORMANCE_SCHEMA'
2018-07-15 20:51:39 57 [Note] Shutting down plugin 'INNODB_SYS_DATAFILES'
2018-07-15 20:51:39 57 [Note] Shutting down plugin 'INNODB_SYS_TABLESPACES'
2018-07-15 20:51:39 57 [Note] Shutting down plugin 'INNODB_SYS_FOREIGN_COLS'
2018-07-15 20:51:39 57 [Note] Shutting down plugin 'INNODB_SYS_FOREIGN'
2018-07-15 20:51:39 57 [Note] Shutting down plugin 'INNODB_SYS_FIELDS'
2018-07-15 20:51:39 57 [Note] Shutting down plugin 'INNODB_SYS_COLUMNS'
2018-07-15 20:51:39 57 [Note] Shutting down plugin 'INNODB_SYS_INDEXES'
2018-07-15 20:51:39 57 [Note] Shutting down plugin 'INNODB_SYS_TABLESTATS'
2018-07-15 20:51:39 57 [Note] Shutting down plugin 'INNODB_SYS_TABLES'
2018-07-15 20:51:39 57 [Note] Shutting down plugin 'INNODB_FT_INDEX_TABLE'
2018-07-15 20:51:39 57 [Note] Shutting down plugin 'INNODB_FT_INDEX_CACHE'
2018-07-15 20:51:39 57 [Note] Shutting down plugin 'INNODB_FT_CONFIG'
2018-07-15 20:51:39 57 [Note] Shutting down plugin 'INNODB_FT_BEING_DELETED'
2018-07-15 20:51:39 57 [Note] Shutting down plugin 'INNODB_FT_DELETED'
2018-07-15 20:51:39 57 [Note] Shutting down plugin 'INNODB_FT_DEFAULT_STOPWORD'
2018-07-15 20:51:39 57 [Note] Shutting down plugin 'INNODB_METRICS'
2018-07-15 20:51:39 57 [Note] Shutting down plugin 'INNODB_BUFFER_POOL_STATS'
2018-07-15 20:51:39 57 [Note] Shutting down plugin 'INNODB_BUFFER_PAGE_LRU'
2018-07-15 20:51:39 57 [Note] Shutting down plugin 'INNODB_BUFFER_PAGE'
2018-07-15 20:51:39 57 [Note] Shutting down plugin 'INNODB_CMP_PER_INDEX_RESET'
2018-07-15 20:51:39 57 [Note] Shutting down plugin 'INNODB_CMP_PER_INDEX'
2018-07-15 20:51:39 57 [Note] Shutting down plugin 'INNODB_CMPMEM_RESET'
2018-07-15 20:51:39 57 [Note] Shutting down plugin 'INNODB_CMPMEM'
2018-07-15 20:51:39 57 [Note] Shutting down plugin 'INNODB_CMP_RESET'
2018-07-15 20:51:39 57 [Note] Shutting down plugin 'INNODB_CMP'
2018-07-15 20:51:39 57 [Note] Shutting down plugin 'INNODB_LOCK_WAITS'
2018-07-15 20:51:39 57 [Note] Shutting down plugin 'INNODB_LOCKS'
2018-07-15 20:51:39 57 [Note] Shutting down plugin 'INNODB_TRX'
2018-07-15 20:51:39 57 [Note] Shutting down plugin 'InnoDB'
2018-07-15 20:51:39 57 [Note] InnoDB: FTS optimize thread exiting.
2018-07-15 20:51:39 57 [Note] InnoDB: Starting shutdown...
2018-07-15 20:51:40 57 [Note] InnoDB: Shutdown completed; log sequence number 977893149
2018-07-15 20:51:40 57 [Note] Shutting down plugin 'BLACKHOLE'
2018-07-15 20:51:40 57 [Note] Shutting down plugin 'ARCHIVE'
2018-07-15 20:51:40 57 [Note] Shutting down plugin 'MRG_MYISAM'
2018-07-15 20:51:40 57 [Note] Shutting down plugin 'MyISAM'
2018-07-15 20:51:40 57 [Note] Shutting down plugin 'MEMORY'
2018-07-15 20:51:40 57 [Note] Shutting down plugin 'CSV'
2018-07-15 20:51:40 57 [Note] Shutting down plugin 'sha256_password'
2018-07-15 20:51:40 57 [Note] Shutting down plugin 'mysql_old_password'
2018-07-15 20:51:40 57 [Note] Shutting down plugin 'mysql_native_password'
2018-07-15 20:51:40 57 [Note] Shutting down plugin 'binlog'
2018-07-15 20:51:40 57 [Note] /usr/sbin/mysqld: Shutdown complete

